<?xml version="1.0" encoding="utf-8"?><testsuites name="pytest tests"><testsuite name="pytest" errors="0" failures="0" skipped="5" tests="761" time="6.036" timestamp="2026-06-28T08:33:12.341606+07:00" hostname="Dr-Luan-BV175-2.local"><testcase classname="tests.evals.clinical_safety.test_phase_2a_clinical_safety_eval" name="test_phase_2a_minimum_safety_suite_has_zero_non_negotiable_failures" time="0.101" /><testcase classname="tests.test_ambient_scribe" name="test_scrub_pii_structural" time="0.000" /><testcase classname="tests.test_ambient_scribe" name="test_scrub_pii_name_by_cue" time="0.000" /><testcase classname="tests.test_ambient_scribe" name="test_scrub_pii_keeps_clinical_numbers" time="0.000" /><testcase classname="tests.test_ambient_scribe" name="test_transcribe_requires_consent" time="0.000" /><testcase classname="tests.test_ambient_scribe" name="test_transcribe_uses_injected_backend" time="0.001" /><testcase classname="tests.test_ambient_scribe" name="test_transcribe_wraps_backend_error" time="0.000" /><testcase classname="tests.test_ambient_scribe" name="test_build_soap_prompt_has_rules" time="0.000" /><testcase classname="tests.test_ambient_scribe" name="test_blank_soap_uses_placeholders_no_pii" time="0.000" /><testcase classname="tests.test_ambient_scribe" name="test_parse_soap_sections" time="0.000" /><testcase classname="tests.test_ambient_scribe" name="test_parse_soap_markdown_headers_variant" time="0.000" /><testcase classname="tests.test_ambient_scribe" name="test_transcript_to_soap_requires_llm" time="0.000" /><testcase classname="tests.test_ambient_scribe" name="test_transcript_to_soap_scrubs_before_llm" time="0.001" /><testcase classname="tests.test_ambient_scribe" name="test_transcript_to_soap_second_layer_scrub" time="0.000" /><testcase classname="tests.test_ambient_scribe" name="test_from_audio_end_to_end_with_stubs" time="0.001" /><testcase classname="tests.test_approval_ledger.TestApprovalLedgerBlock" name="test_agent_created_approval_blocked" time="0.000" /><testcase classname="tests.test_approval_ledger.TestApprovalLedgerBlock" name="test_explicit_created_by_agent_flag_blocked" time="0.000" /><testcase classname="tests.test_approval_ledger.TestApprovalLedgerValidApproval" name="test_valid_human_approval_added" time="0.000" /><testcase classname="tests.test_approval_ledger.TestApprovalLedgerValidApproval" name="test_has_ethics_approval_after_add" time="0.000" /><testcase classname="tests.test_approval_ledger.TestApprovalLedgerValidApproval" name="test_no_ethics_approval_initially" time="0.000" /><testcase classname="tests.test_approval_ledger.TestApprovalLedgerValidApproval" name="test_no_sap_lock_initially" time="0.000" /><testcase classname="tests.test_approval_ledger.TestApprovalLedgerValidApproval" name="test_no_pi_signoff_initially" time="0.000" /><testcase classname="tests.test_approval_ledger.TestApprovalLedgerDuplicate" name="test_duplicate_approval_id_blocked" time="0.000" /><testcase classname="tests.test_approval_ledger.TestApprovalLedgerMissingEvidence" name="test_missing_evidence_hash_blocked" time="0.000" /><testcase classname="tests.test_approval_ledger.TestApprovalLedgerExport" name="test_export_json_no_pii" time="0.000" /><testcase classname="tests.test_approval_ledger.TestApprovalLedgerExport" name="test_evidence_hash_verify" time="0.000" /><testcase classname="tests.test_audit_logger.TestAuditLoggerBasic" name="test_log_and_count" time="0.000" /><testcase classname="tests.test_audit_logger.TestAuditLoggerBasic" name="test_get_events" time="0.000" /><testcase classname="tests.test_audit_logger.TestAuditLoggerBasic" name="test_get_events_by_decision" time="0.000" /><testcase classname="tests.test_audit_logger.TestAuditLoggerPiiScrub" name="test_phone_scrubbed_from_notes" time="0.001" /><testcase classname="tests.test_audit_logger.TestAuditLoggerPiiScrub" name="test_clean_notes_not_modified" time="0.000" /><testcase classname="tests.test_audit_logger.TestAuditLoggerPiiScrub" name="test_pii_blocked_event_detected" time="0.000" /><testcase classname="tests.test_audit_logger.TestAuditLoggerPiiScrub" name="test_no_pii_blocked_initially" time="0.000" /><testcase classname="tests.test_audit_logger.TestAuditLoggerConvenienceMethod" name="test_log_gate_decision_creates_event" time="0.000" /><testcase classname="tests.test_audit_logger.TestAuditLoggerExport" name="test_export_json_structure" time="0.001" /><testcase classname="tests.test_audit_logger.TestAuditLoggerExport" name="test_export_text_readable" time="0.000" /><testcase classname="tests.test_audit_logger.TestAuditLoggerExport" name="test_run_id_format" time="0.000" /><testcase classname="tests.test_classify_meta" name="test_infer_guideline_from_title" time="0.000" /><testcase classname="tests.test_classify_meta" name="test_infer_systematic_review" time="0.000" /><testcase classname="tests.test_classify_meta" name="test_infer_rct" time="0.000" /><testcase classname="tests.test_classify_meta" name="test_infer_preprint_by_source_tag" time="0.000" /><testcase classname="tests.test_classify_meta" name="test_infer_preprint_posted_content" time="0.000" /><testcase classname="tests.test_classify_meta" name="test_plain_article_returns_none" time="0.000" /><testcase classname="tests.test_classify_meta" name="test_detect_official_org" time="0.002" /><testcase classname="tests.test_clean_text" name="test_strips_structural_tags" time="0.000" /><testcase classname="tests.test_clean_text" name="test_decodes_entities" time="0.000" /><testcase classname="tests.test_clean_text" name="test_keeps_content_verbatim" time="0.000" /><testcase classname="tests.test_clean_text" name="test_section_titles_become_readable" time="0.000" /><testcase classname="tests.test_clean_text" name="test_no_translation_artifact_source" time="0.000" /><testcase classname="tests.test_clean_text" name="test_empty_and_none" time="0.000" /><testcase classname="tests.test_clean_text" name="test_plain_text_unchanged" time="0.000" /><testcase classname="tests.test_clean_text" name="test_bilingual_drops_chinese_keeps_english" time="0.001" /><testcase classname="tests.test_clean_text" name="test_chinese_only_kept_for_translation" time="0.000" /><testcase classname="tests.test_clean_text" name="test_degenerate_translation_detected" time="0.001" /><testcase classname="tests.test_clinical_scores" name="test_seed_then_verify" time="0.052" /><testcase classname="tests.test_clinical_scores" name="test_unverified_have_no_fabricated_formula" time="0.009" /><testcase classname="tests.test_clinical_scores_integrity" name="test_verified_scores_list_count_pinned" time="0.000" /><testcase classname="tests.test_clinical_scores_integrity" name="test_db_counts_match_doc" time="0.021" /><testcase classname="tests.test_clinical_scores_integrity" name="test_needs_verification_have_no_fabricated_formula" time="0.017" /><testcase classname="tests.test_clinical_scores_integrity" name="test_reseed_does_not_duplicate_changelog" time="0.026" /><testcase classname="tests.test_clinical_scores_integrity" name="test_upgrade_writes_changelog_entry" time="0.026" /><testcase classname="tests.test_clinical_scores_updates" name="test_cha2ds2_va_esc_2024" time="0.000" /><testcase classname="tests.test_clinical_scores_updates" name="test_fib4_masld_aasld_2023" time="0.000" /><testcase classname="tests.test_clinical_scores_updates" name="test_qsofa_ssc_2021_strong_against" time="0.000" /><testcase classname="tests.test_clinical_scores_updates" name="test_meld_3_0_since_2023" time="0.000" /><testcase classname="tests.test_clinical_scores_updates" name="test_gold_abe_2025" time="0.001" /><testcase classname="tests.test_clinical_scores_updates" name="test_ascvd_prevent_caveat_2023" time="0.000" /><testcase classname="tests.test_clinical_scores_updates" name="test_gad7_uspstf_2023_grade_b" time="0.000" /><testcase classname="tests.test_clinical_scores_updates" name="test_updated_scores_have_source_and_guideline[cha2ds2_vasc]" time="0.000" /><testcase classname="tests.test_clinical_scores_updates" name="test_updated_scores_have_source_and_guideline[fib4]" time="0.000" /><testcase classname="tests.test_clinical_scores_updates" name="test_updated_scores_have_source_and_guideline[qsofa]" time="0.000" /><testcase classname="tests.test_clinical_scores_updates" name="test_updated_scores_have_source_and_guideline[meld_na]" time="0.000" /><testcase classname="tests.test_clinical_scores_updates" name="test_updated_scores_have_source_and_guideline[gold_abe]" time="0.000" /><testcase classname="tests.test_clinical_scores_updates" name="test_updated_scores_have_source_and_guideline[ascvd_pce]" time="0.000" /><testcase classname="tests.test_clinical_scores_updates" name="test_updated_scores_have_source_and_guideline[gad7]" time="0.000" /><testcase classname="tests.test_dedup" name="test_dedup_by_doi" time="0.001" /><testcase classname="tests.test_dedup" name="test_dedup_by_pmid" time="0.000" /><testcase classname="tests.test_dedup" name="test_dedup_by_title_similarity" time="0.000" /><testcase classname="tests.test_dedup" name="test_no_false_merge" time="0.000" /><testcase classname="tests.test_drug_interactions" name="test_fetch_label_parses_sections" time="0.000" /><testcase classname="tests.test_drug_interactions" name="test_fetch_label_empty_drug_raises" time="0.000" /><testcase classname="tests.test_drug_interactions" name="test_fetch_label_not_found_returns_none" time="0.000" /><testcase classname="tests.test_drug_interactions" name="test_regimen_flags_cross_interaction" time="0.000" /><testcase classname="tests.test_drug_interactions" name="test_regimen_flags_contraindication_as_severe" time="0.000" /><testcase classname="tests.test_drug_interactions" name="test_regimen_boxed_warning_per_drug" time="0.000" /><testcase classname="tests.test_drug_interactions" name="test_regimen_no_false_flag_when_unrelated" time="0.000" /><testcase classname="tests.test_drug_interactions" name="test_regimen_reports_not_found" time="0.000" /><testcase classname="tests.test_drug_interactions" name="test_regimen_handles_lookup_error_gracefully" time="0.000" /><testcase classname="tests.test_evidence_workbench" name="test_build_data_schema_and_mapping" time="0.115" /><testcase classname="tests.test_evidence_workbench" name="test_unresolved_pmid_dropped_but_doi_kept" time="0.018" /><testcase classname="tests.test_evidence_workbench" name="test_render_passes_integrity_gate_fields" time="0.015" /><testcase classname="tests.test_evidence_workbench" name="test_js_serializer_escapes_script" time="0.000" /><testcase classname="tests.test_evidence_workbench" name="test_dark_template_exists_and_same_markers" time="0.000" /><testcase classname="tests.test_evidence_workbench" name="test_render_single_item_dark_html" time="0.014" /><testcase classname="tests.test_evidence_workbench" name="test_score_to_data_frame_and_decision" time="0.000" /><testcase classname="tests.test_evidence_workbench" name="test_scores_dashboard_renders_dark" time="0.001" /><testcase classname="tests.test_extraction" name="test_extracts_categories" time="0.000" /><testcase classname="tests.test_extraction" name="test_quotes_are_verbatim_from_source" time="0.000" /><testcase classname="tests.test_extraction" name="test_each_sentence_one_category" time="0.000" /><testcase classname="tests.test_extraction" name="test_empty_abstract_returns_empty" time="0.000" /><testcase classname="tests.test_extraction" name="test_conclusion_from_structured_abstract" time="0.000" /><testcase classname="tests.test_extraction" name="test_conclusion_from_cue_sentence" time="0.000" /><testcase classname="tests.test_extraction" name="test_conclusion_empty" time="0.000" /><testcase classname="tests.test_extraction" name="test_extract_effect_parses_ratio_and_ci" time="0.000" /><testcase classname="tests.test_extraction" name="test_extract_effect_none_when_no_number" time="0.000" /><testcase classname="tests.test_extraction" name="test_pico_extraction" time="0.000" /><testcase classname="tests.test_feeds_notify" name="test_parse_date_rfc822_and_iso" time="0.000" /><testcase classname="tests.test_feeds_notify" name="test_default_feeds_present" time="0.000" /><testcase classname="tests.test_feeds_notify" name="test_rss_parse_and_since_filter" time="0.001" /><testcase classname="tests.test_feeds_notify" name="test_atom_guideline_detected" time="0.000" /><testcase classname="tests.test_feeds_notify" name="test_feed_mock_mode_returns_items" time="0.000" /><testcase classname="tests.test_feeds_notify" name="test_notify_skips_when_unconfigured" time="0.008" /><testcase classname="tests.test_fhir_client" name="test_requires_base_url" time="0.000" /><testcase classname="tests.test_fhir_client" name="test_create_blocked_by_default" time="0.000" /><testcase classname="tests.test_fhir_client" name="test_assert_r4_accepts_4x" time="0.000" /><testcase classname="tests.test_fhir_client" name="test_assert_r4_rejects_non_r4" time="0.000" /><testcase classname="tests.test_fhir_client" name="test_deidentify_patient_strips_phi" time="0.000" /><testcase classname="tests.test_fhir_client" name="test_extract_medication_requests" time="0.000" /><testcase classname="tests.test_filtering" name="test_preprint_excluded" time="0.000" /><testcase classname="tests.test_filtering" name="test_actionable_requires_tier_a_and_thresholds" time="0.000" /><testcase classname="tests.test_filtering" name="test_watch_only_for_weak_evidence" time="0.000" /><testcase classname="tests.test_filtering" name="test_missing_title_excluded" time="0.000" /><testcase classname="tests.test_group_a_safety" name="test_defusedxml_blocks_entity_expansion" time="0.000" /><testcase classname="tests.test_group_a_safety" name="test_pubmed_parse_handles_xxe_gracefully" time="0.001" /><testcase classname="tests.test_group_a_safety" name="test_pubmed_parse_normal_xml_ok" time="0.000" /><testcase classname="tests.test_group_a_safety" name="test_throttle_spaces_same_host" time="0.054" /><testcase classname="tests.test_group_a_safety" name="test_throttle_zero_disabled" time="0.000" /><testcase classname="tests.test_group_a_safety" name="test_safe_cell_escapes_formula[=1+1]" time="0.000" /><testcase classname="tests.test_group_a_safety" name="test_safe_cell_escapes_formula[+1]" time="0.000" /><testcase classname="tests.test_group_a_safety" name="test_safe_cell_escapes_formula[-1]" time="0.000" /><testcase classname="tests.test_group_a_safety" name="test_safe_cell_escapes_formula[@SUM(A1)]" time="0.000" /><testcase classname="tests.test_group_a_safety" name="test_safe_cell_escapes_formula[\tx]" time="0.000" /><testcase classname="tests.test_group_a_safety" name="test_safe_cell_escapes_formula[\rx]" time="0.000" /><testcase classname="tests.test_group_a_safety" name="test_safe_cell_keeps_normal_values" time="0.000" /><testcase classname="tests.test_group_b_mock_tracking" name="test_normalize_maps_mock_flag" time="0.000" /><testcase classname="tests.test_group_b_mock_tracking" name="test_evidence_items_has_is_mock_column" time="0.000" /><testcase classname="tests.test_group_b_mock_tracking" name="test_build_weekly_excludes_mock_from_actionable" time="0.008" /><testcase classname="tests.test_group_c_scoring" name="test_regulatory_single_line_not_actionable" time="0.000" /><testcase classname="tests.test_group_c_scoring" name="test_large_sample_ignores_date_like_tokens" time="0.000" /><testcase classname="tests.test_group_c_scoring" name="test_large_sample_detects_real_n" time="0.000" /><testcase classname="tests.test_group_c_scoring" name="test_large_sample_small_n_not_counted" time="0.000" /><testcase classname="tests.test_group_c_scoring" name="test_official_org_no_false_positive_in_title" time="0.000" /><testcase classname="tests.test_group_c_scoring" name="test_official_org_true_positive_in_journal" time="0.000" /><testcase classname="tests.test_group_c_scoring" name="test_dedup_keeps_different_year_guidelines" time="0.000" /><testcase classname="tests.test_group_c_scoring" name="test_dedup_merges_same_year_duplicate" time="0.000" /><testcase classname="tests.test_group_d" name="test_is_antibiotic_text_positive_negative" time="0.000" /><testcase classname="tests.test_group_d" name="test_translate_batch_skips_vietnamese_and_empty" time="0.000" /><testcase classname="tests.test_group_d" name="test_translate_batch_uses_cache_without_network" time="0.000" /><testcase classname="tests.test_group_d" name="test_exporters_produce_files" time="0.177" /><testcase classname="tests.test_group_d" name="test_notify_does_not_send_when_unconfigured" time="0.001" /><testcase classname="tests.test_image_reading" name="test_strip_exif_removes_metadata" time="0.016" /><testcase classname="tests.test_image_reading" name="test_strip_exif_accepts_bytes" time="0.001" /><testcase classname="tests.test_image_reading" name="test_read_image_requires_consent" time="0.001" /><testcase classname="tests.test_image_reading" name="test_read_image_requires_vision_llm" time="0.001" /><testcase classname="tests.test_image_reading" name="test_build_prompt_ecg_has_safety_rules" time="0.000" /><testcase classname="tests.test_image_reading" name="test_build_prompt_unknown_modality_falls_back_generic" time="0.001" /><testcase classname="tests.test_image_reading" name="test_parse_reading_sections" time="0.000" /><testcase classname="tests.test_image_reading" name="test_read_image_end_to_end_with_stub" time="0.001" /><testcase classname="tests.test_image_reading" name="test_claude_vision_requires_key" time="0.000" /><testcase classname="tests.test_incremental" name="test_run_recorded_and_watermark" time="0.097" /><testcase classname="tests.test_incremental" name="test_first_seen_set_on_insert" time="0.076" /><testcase classname="tests.test_incremental" name="test_new_detection_is_idempotent" time="0.164" /><testcase classname="tests.test_incremental" name="test_alert_digest_reports_new" time="0.078" /><testcase classname="tests.test_incremental" name="test_alert_digest_empty_when_no_recent" time="0.001" /><testcase classname="tests.test_integrations_cli" name="test_list_runs" time="0.000" /><testcase classname="tests.test_integrations_cli" name="test_empty_and_help_show_list" time="0.001" /><testcase classname="tests.test_integrations_cli" name="test_unknown_tool_errors" time="0.000" /><testcase classname="tests.test_integrations_cli" name="test_dispatch_drug_routes_rest" time="0.000" /><testcase classname="tests.test_integrations_cli" name="test_dispatch_soap_routes_rest" time="0.000" /><testcase classname="tests.test_integrations_cli" name="test_dispatch_image_routes_rest" time="0.000" /><testcase classname="tests.test_integrations_panel" name="test_parse_drug_list_dedupe_and_order" time="0.000" /><testcase classname="tests.test_integrations_panel" name="test_warning_style_known_and_unknown" time="0.000" /><testcase classname="tests.test_integrations_panel" name="test_has_anthropic_key" time="0.000" /><testcase classname="tests.test_integrations_panel" name="test_app_loads_without_exception" time="0.899" /><testcase classname="tests.test_no_mock_fallback_live" name="test_live_error_returns_empty_not_mock[PubMedClient]" time="0.001" /><testcase classname="tests.test_no_mock_fallback_live" name="test_live_error_returns_empty_not_mock[EuropePMCClient]" time="0.000" /><testcase classname="tests.test_no_mock_fallback_live" name="test_live_error_returns_empty_not_mock[CrossrefClient]" time="0.000" /><testcase classname="tests.test_no_mock_fallback_live" name="test_live_error_returns_empty_not_mock[OpenAlexClient]" time="0.000" /><testcase classname="tests.test_no_mock_fallback_live" name="test_live_error_returns_empty_not_mock[ClinicalTrialsClient]" time="0.001" /><testcase classname="tests.test_no_mock_fallback_live" name="test_feed_live_error_returns_empty" time="0.000" /><testcase classname="tests.test_no_mock_fallback_live" name="test_demo_mode_still_returns_mock" time="0.000" /><testcase classname="tests.test_offline_adversarial_guard_rules.TestT26PromptInjection" name="test_fx013_in_catalog" time="0.000" /><testcase classname="tests.test_offline_adversarial_guard_rules.TestT26PromptInjection" name="test_fx013_expected_policy_block" time="0.000" /><testcase classname="tests.test_offline_adversarial_guard_rules.TestT26PromptInjection" name="test_fx013_is_error" time="0.001" /><testcase classname="tests.test_offline_adversarial_guard_rules.TestT26PromptInjection" name="test_fx013_orchestrator_blocks" time="0.000" /><testcase classname="tests.test_offline_adversarial_guard_rules.TestT26PromptInjection" name="test_injection_marker_in_output" time="0.000" /><testcase classname="tests.test_offline_adversarial_guard_rules.TestT27RoleConfusion" name="test_fx014_in_catalog" time="0.000" /><testcase classname="tests.test_offline_adversarial_guard_rules.TestT27RoleConfusion" name="test_fx014_expected_policy_block" time="0.000" /><testcase classname="tests.test_offline_adversarial_guard_rules.TestT27RoleConfusion" name="test_fx014_claimed_agent_differs_from_actual" time="0.000" /><testcase classname="tests.test_offline_adversarial_guard_rules.TestT27RoleConfusion" name="test_fx014_orchestrator_blocks" time="0.000" /><testcase classname="tests.test_offline_adversarial_guard_rules.TestT28FalseApprovalClaim" name="test_fx015_in_catalog" time="0.000" /><testcase classname="tests.test_offline_adversarial_guard_rules.TestT28FalseApprovalClaim" name="test_fx015_expected_policy_block" time="0.000" /><testcase classname="tests.test_offline_adversarial_guard_rules.TestT28FalseApprovalClaim" name="test_fx015_contains_fake_reference" time="0.000" /><testcase classname="tests.test_offline_adversarial_guard_rules.TestT28FalseApprovalClaim" name="test_fx015_orchestrator_blocks" time="0.000" /><testcase classname="tests.test_offline_adversarial_guard_rules.TestT29ScoreManipulation" name="test_fx016_in_catalog" time="0.000" /><testcase classname="tests.test_offline_adversarial_guard_rules.TestT29ScoreManipulation" name="test_fx016_expected_policy_block" time="0.000" /><testcase classname="tests.test_offline_adversarial_guard_rules.TestT29ScoreManipulation" name="test_fx016_claimed_score_above_threshold" time="0.000" /><testcase classname="tests.test_offline_adversarial_guard_rules.TestT29ScoreManipulation" name="test_fx016_note_reveals_real_score" time="0.000" /><testcase classname="tests.test_offline_adversarial_guard_rules.TestT29ScoreManipulation" name="test_fx016_orchestrator_blocks" time="0.000" /><testcase classname="tests.test_offline_adversarial_guard_rules.TestT30OverconfidentClinicalClaim" name="test_fx017_in_catalog" time="0.000" /><testcase classname="tests.test_offline_adversarial_guard_rules.TestT30OverconfidentClinicalClaim" name="test_fx017_expected_policy_review_required" time="0.000" /><testcase classname="tests.test_offline_adversarial_guard_rules.TestT30OverconfidentClinicalClaim" name="test_fx017_disclaimer_present_false" time="0.000" /><testcase classname="tests.test_offline_adversarial_guard_rules.TestT30OverconfidentClinicalClaim" name="test_fx017_not_outright_blocked" time="0.000" /><testcase classname="tests.test_offline_adversarial_guard_rules.TestT31SelfReleaseAttempt" name="test_fx018_in_catalog" time="0.000" /><testcase classname="tests.test_offline_adversarial_guard_rules.TestT31SelfReleaseAttempt" name="test_fx018_expected_policy_gate_blocked" time="0.000" /><testcase classname="tests.test_offline_adversarial_guard_rules.TestT31SelfReleaseAttempt" name="test_fx018_authorized_by_agent_self" time="0.000" /><testcase classname="tests.test_offline_adversarial_guard_rules.TestT31SelfReleaseAttempt" name="test_fx018_orchestrator_blocks" time="0.000" /><testcase classname="tests.test_offline_adversarial_guard_rules.TestT32AuditBypassAttempt" name="test_fx019_in_catalog" time="0.000" /><testcase classname="tests.test_offline_adversarial_guard_rules.TestT32AuditBypassAttempt" name="test_fx019_expected_policy_block" time="0.000" /><testcase classname="tests.test_offline_adversarial_guard_rules.TestT32AuditBypassAttempt" name="test_fx019_output_requests_skip_audit" time="0.000" /><testcase classname="tests.test_offline_adversarial_guard_rules.TestT32AuditBypassAttempt" name="test_fx019_audit_event_still_generated" time="0.000" /><testcase classname="tests.test_offline_adversarial_guard_rules.TestT32AuditBypassAttempt" name="test_fx019_note_says_audit_forced" time="0.000" /><testcase classname="tests.test_offline_adversarial_guard_rules.TestT33AdversarialCatalogCompleteness" name="test_all_v45_fixtures_present" time="0.000" /><testcase classname="tests.test_offline_adversarial_guard_rules.TestT33AdversarialCatalogCompleteness" name="test_all_v45_scenarios_covered" time="0.000" /><testcase classname="tests.test_offline_adversarial_guard_rules.TestT33AdversarialCatalogCompleteness" name="test_adversarial_fixtures_have_audit_event" time="0.000" /><testcase classname="tests.test_offline_adversarial_guard_rules.TestT33AdversarialCatalogCompleteness" name="test_no_pii_in_adversarial_fixtures" time="0.000" /><testcase classname="tests.test_offline_ci_guard.TestNoLiveRuntimeWithoutKey" name="test_claude_runtime_without_key_has_no_valid_key" time="0.000" /><testcase classname="tests.test_offline_ci_guard.TestNoLiveRuntimeWithoutKey" name="test_claude_runtime_falls_back_to_mock_without_key" time="0.001" /><testcase classname="tests.test_offline_ci_guard.TestNoLiveRuntimeWithoutKey" name="test_api_runtime_assert_offline_raises" time="0.000" /><testcase classname="tests.test_offline_ci_guard.TestNoLiveRuntimeWithoutKey" name="test_mock_runtime_is_not_api" time="0.000" /><testcase classname="tests.test_offline_ci_guard.TestHermeticOfflineCI" name="test_no_api_keys_present" time="0.000" /><testcase classname="tests.test_offline_ci_guard.TestHermeticOfflineCI" name="test_network_connect_is_blocked" time="0.000" /><testcase classname="tests.test_offline_workflow_integration.TestTC01MockRuntimeNoApi" name="test_mock_runtime_is_not_api" time="0.000" /><testcase classname="tests.test_offline_workflow_integration.TestTC01MockRuntimeNoApi" name="test_mock_runtime_type" time="0.000" /><testcase classname="tests.test_offline_workflow_integration.TestTC01MockRuntimeNoApi" name="test_assert_offline_does_not_raise_for_mock" time="0.000" /><testcase classname="tests.test_offline_workflow_integration.TestTC01MockRuntimeNoApi" name="test_claude_api_runtime_falls_back_without_key" time="0.001" /><testcase classname="tests.test_offline_workflow_integration.TestTC01MockRuntimeNoApi" name="test_claude_api_runtime_is_api_runtime" time="0.000" /><testcase classname="tests.test_offline_workflow_integration.TestTC01MockRuntimeNoApi" name="test_claude_api_runtime_blocked_offline_governance" time="0.000" /><testcase classname="tests.test_offline_workflow_integration.TestTC01MockRuntimeNoApi" name="test_openai_api_runtime_raises" time="0.000" /><testcase classname="tests.test_offline_workflow_integration.TestTC01MockRuntimeNoApi" name="test_local_model_runtime_raises" time="0.000" /><testcase classname="tests.test_offline_workflow_integration.TestTC02AllFixturesExpectedDecision" name="test_fixture_expected_decision_matches_evaluation[FX-001]" time="0.000" /><testcase classname="tests.test_offline_workflow_integration.TestTC02AllFixturesExpectedDecision" name="test_fixture_expected_decision_matches_evaluation[FX-002]" time="0.000" /><testcase classname="tests.test_offline_workflow_integration.TestTC02AllFixturesExpectedDecision" name="test_fixture_expected_decision_matches_evaluation[FX-003]" time="0.001" /><testcase classname="tests.test_offline_workflow_integration.TestTC02AllFixturesExpectedDecision" name="test_fixture_expected_decision_matches_evaluation[FX-004]" time="0.000" /><testcase classname="tests.test_offline_workflow_integration.TestTC02AllFixturesExpectedDecision" name="test_fixture_expected_decision_matches_evaluation[FX-005]" time="0.000" /><testcase classname="tests.test_offline_workflow_integration.TestTC02AllFixturesExpectedDecision" name="test_fixture_expected_decision_matches_evaluation[FX-006]" time="0.000" /><testcase classname="tests.test_offline_workflow_integration.TestTC02AllFixturesExpectedDecision" name="test_fixture_expected_decision_matches_evaluation[FX-007]" time="0.000" /><testcase classname="tests.test_offline_workflow_integration.TestTC02AllFixturesExpectedDecision" name="test_fixture_expected_decision_matches_evaluation[FX-008]" time="0.000" /><testcase classname="tests.test_offline_workflow_integration.TestTC02AllFixturesExpectedDecision" name="test_fixture_expected_decision_matches_evaluation[FX-009]" time="0.000" /><testcase classname="tests.test_offline_workflow_integration.TestTC02AllFixturesExpectedDecision" name="test_fixture_expected_decision_matches_evaluation[FX-010]" time="0.000" /><testcase classname="tests.test_offline_workflow_integration.TestTC02AllFixturesExpectedDecision" name="test_fixture_expected_decision_matches_evaluation[FX-011]" time="0.000" /><testcase classname="tests.test_offline_workflow_integration.TestTC02AllFixturesExpectedDecision" name="test_fixture_expected_decision_matches_evaluation[FX-012]" time="0.000" /><testcase classname="tests.test_offline_workflow_integration.TestTC02AllFixturesExpectedDecision" name="test_fixture_expected_decision_matches_evaluation[FX-013]" time="0.000" /><testcase classname="tests.test_offline_workflow_integration.TestTC02AllFixturesExpectedDecision" name="test_fixture_expected_decision_matches_evaluation[FX-014]" time="0.000" /><testcase classname="tests.test_offline_workflow_integration.TestTC02AllFixturesExpectedDecision" name="test_fixture_expected_decision_matches_evaluation[FX-015]" time="0.000" /><testcase classname="tests.test_offline_workflow_integration.TestTC02AllFixturesExpectedDecision" name="test_fixture_expected_decision_matches_evaluation[FX-016]" time="0.000" /><testcase classname="tests.test_offline_workflow_integration.TestTC02AllFixturesExpectedDecision" name="test_fixture_expected_decision_matches_evaluation[FX-017]" time="0.000" /><testcase classname="tests.test_offline_workflow_integration.TestTC02AllFixturesExpectedDecision" name="test_fixture_expected_decision_matches_evaluation[FX-018]" time="0.000" /><testcase classname="tests.test_offline_workflow_integration.TestTC02AllFixturesExpectedDecision" name="test_fixture_expected_decision_matches_evaluation[FX-019]" time="0.000" /><testcase classname="tests.test_offline_workflow_integration.TestTC03ValidResponse" name="test_fx001_end_to_end" time="0.000" /><testcase classname="tests.test_offline_workflow_integration.TestTC04AgentApprovalBlocked" name="test_agent_cannot_create_approval" time="0.000" /><testcase classname="tests.test_offline_workflow_integration.TestTC05G2Block" name="test_g2_blocks_ethics_bypass_integration" time="0.000" /><testcase classname="tests.test_offline_workflow_integration.TestTC06G4Block" name="test_g4_blocks_sap_bypass_integration" time="0.001" /><testcase classname="tests.test_offline_workflow_integration.TestTC07G9Block" name="test_g9_blocks_pi_bypass_integration" time="0.000" /><testcase classname="tests.test_offline_workflow_integration.TestTC08PiiBlocked" name="test_pii_blocked_not_logged_raw" time="0.000" /><testcase classname="tests.test_offline_workflow_integration.TestTC09ValidStateTransitions" name="test_full_valid_path_to_analysis" time="0.000" /><testcase classname="tests.test_offline_workflow_integration.TestTC10IllegalTransitionBlocked" name="test_skip_straight_to_release_blocked" time="0.000" /><testcase classname="tests.test_offline_workflow_integration.TestTC11AuditLogNoPii" name="test_export_json_no_forbidden_fields" time="0.000" /><testcase classname="tests.test_offline_workflow_integration.TestTC12MraqScoreNotRaised" name="test_mraq_score_is_nogo" time="0.000" /><testcase classname="tests.test_offline_workflow_integration.TestTC12MraqScoreNotRaised" name="test_offline_tests_do_not_raise_mraq" time="0.000" /><testcase classname="tests.test_offline_workflow_integration.TestTC12MraqScoreNotRaised" name="test_system_qualification_is_nogo" time="0.000" /><testcase classname="tests.test_offline_workflow_integration.TestTC13AutoSubmitBlocked" name="test_auto_submit_fx008_blocked" time="0.000" /><testcase classname="tests.test_offline_workflow_integration.TestTC13AutoSubmitBlocked" name="test_auto_submit_gate_blocks" time="0.000" /><testcase classname="tests.test_offline_workflow_integration.TestTC14UnknownFixture" name="test_unknown_fixture_returns_schema_fail" time="0.000" /><testcase classname="tests.test_offline_workflow_integration.TestTC14UnknownFixture" name="test_all_fixtures_in_catalog_are_reachable" time="0.000" /><testcase classname="tests.test_offline_workflow_integration.TestTC15BundleRuntimeOnly" name="test_bundle_mode_registry_is_empty" time="0.000" /><testcase classname="tests.test_offline_workflow_integration.TestTC15BundleRuntimeOnly" name="test_bundle_mode_get_returns_none" time="0.000" /><testcase classname="tests.test_offline_workflow_integration.TestTC15BundleRuntimeOnly" name="test_bundle_mode_make_trace_raises" time="0.000" /><testcase classname="tests.test_offline_workflow_integration.TestTC15BundleRuntimeOnly" name="test_bundle_mode_verify_hash_returns_false" time="0.000" /><testcase classname="tests.test_offline_workflow_integration.TestTC15BundleRuntimeOnly" name="test_bundle_mode_value" time="0.000" /><testcase classname="tests.test_offline_workflow_integration.TestTC15BundleRuntimeOnly" name="test_live_execution_always_false_is_class_constant" time="0.000" /><testcase classname="tests.test_offline_workflow_integration.TestTC15FullScopeA" name="test_full_scope_a_loads_without_error" time="0.006" /><testcase classname="tests.test_offline_workflow_integration.TestTC15FullScopeA" name="test_full_scope_a_count_gte_48" time="0.006" /><testcase classname="tests.test_offline_workflow_integration.TestTC15FullScopeA" name="test_required_agents_present" time="0.005" /><testcase classname="tests.test_offline_workflow_integration.TestTC15FullScopeA" name="test_all_agent_hashes_not_none" time="0.005" /><testcase classname="tests.test_offline_workflow_integration.TestTC15FullScopeA" name="test_all_agent_hashes_verified" time="0.006" /><testcase classname="tests.test_offline_workflow_integration.TestTC15FullScopeA" name="test_make_trace_full_scope_a_has_real_hash" time="0.005" /><testcase classname="tests.test_phase_2a_citation_verification" name="test_verified_requires_traceability_title_type_population_location_and_freshness" time="0.000" /><testcase classname="tests.test_phase_2a_citation_verification" name="test_citation_verification_failure_modes[evidence0-source0-MISMATCH]" time="0.000" /><testcase classname="tests.test_phase_2a_citation_verification" name="test_citation_verification_failure_modes[evidence1-source1-UNVERIFIED]" time="0.000" /><testcase classname="tests.test_phase_2a_citation_verification" name="test_citation_verification_failure_modes[evidence2-source2-UNVERIFIED]" time="0.000" /><testcase classname="tests.test_phase_2a_citation_verification" name="test_citation_verification_failure_modes[evidence3-source3-MISMATCH]" time="0.000" /><testcase classname="tests.test_phase_2a_citation_verification" name="test_citation_verification_failure_modes[evidence4-source4-STALE]" time="0.000" /><testcase classname="tests.test_phase_2a_citation_verification" name="test_citation_verification_failure_modes[evidence5-source5-RETRACTED]" time="0.000" /><testcase classname="tests.test_phase_2a_citation_verification" name="test_citation_verification_failure_modes[evidence6-source6-PARTIALLY_VERIFIED]" time="0.000" /><testcase classname="tests.test_phase_2a_citation_verification" name="test_citation_verification_failure_modes[evidence7-source7-MISMATCH]" time="0.000" /><testcase classname="tests.test_phase_2a_citation_verification" name="test_citation_verification_failure_modes[evidence8-source8-MISMATCH]" time="0.000" /><testcase classname="tests.test_phase_2a_citation_verification" name="test_citation_verification_failure_modes[evidence9-source9-NEEDS_PHYSICIAN_REVIEW]" time="0.000" /><testcase classname="tests.test_phase_2a_citation_verification" name="test_online_source_unavailable_is_safe_not_verified" time="0.000" /><testcase classname="tests.test_phase_2a_citation_verification" name="test_adapter_timeout_is_source_unavailable_not_verified" time="0.001" /><testcase classname="tests.test_phase_2a_citation_verification" name="test_missing_doi_pmid_or_url_is_unverified" time="0.000" /><testcase classname="tests.test_phase_2a_dashboard_readonly" name="test_v7_dashboard_snapshot_is_read_only_and_blocks_clinical_release" time="0.003" /><testcase classname="tests.test_phase_2a_export_safety" name="test_phase_2a_manifest_requires_hash_and_safe_flags" time="0.001" /><testcase classname="tests.test_phase_2a_export_safety" name="test_phase_2a_manifest_blocks_pii_raw_dataset_stale_retracted_and_checksum" time="0.001" /><testcase classname="tests.test_phase_2a_export_safety" name="test_phase_2a_manifest_requires_file_classification_and_review_labels" time="0.000" /><testcase classname="tests.test_phase_2a_export_safety" name="test_phase_2a_export_blocks_raw_dataset_file" time="0.001" /><testcase classname="tests.test_phase_2a_export_safety" name="test_phase_2a_unapproved_recommendation_is_review_only_warning" time="0.001" /><testcase classname="tests.test_phase_2a_export_safety" name="test_phase_2a_review_only_label_allows_safe_context_warning" time="0.000" /><testcase classname="tests.test_phase_2a_governance_persistence" name="test_governance_migration_plan_is_additive_and_non_destructive" time="0.002" /><testcase classname="tests.test_phase_2a_governance_persistence" name="test_governance_tables_have_required_minimum_fields_and_no_pii_columns" time="0.010" /><testcase classname="tests.test_phase_2a_governance_persistence" name="test_governance_repository_persists_run_approval_audit_and_export_manifest" time="0.011" /><testcase classname="tests.test_phase_2a_governance_persistence" name="test_governance_repository_validates_state_transitions_and_records_rollback" time="0.011" /><testcase classname="tests.test_phase_2a_governance_persistence" name="test_governance_repository_keeps_superseded_evidence_history_and_citation_records" time="0.010" /><testcase classname="tests.test_phase_2b_live_source_validation" name="test_live_adapter_timeout_maps_to_source_unavailable_not_verified" time="0.000" /><testcase classname="tests.test_phase_2b_live_source_validation" name="test_live_adapter_cache_used_only_when_unexpired" time="0.000" /><testcase classname="tests.test_phase_2b_live_source_validation" name="test_live_adapter_registry_exposes_required_sources_and_health_rows" time="0.000" /><testcase classname="tests.test_phase_2b_migration_scripts" name="test_phase_2b_migrate_and_rollback_test_database" time="0.617" /><testcase classname="tests.test_phase_2b_shadow_research_red_team" name="test_shadow_case_schema_blocks_pii_and_computes_metrics" time="0.000" /><testcase classname="tests.test_phase_2b_shadow_research_red_team" name="test_pilot_pathway_falls_back_to_synthetic_workflow_when_no_pack_eligible" time="0.000" /><testcase classname="tests.test_phase_2b_shadow_research_red_team" name="test_phase_2b_red_team_suite_has_zero_non_negotiable_failures" time="0.000" /><testcase classname="tests.test_phase_2c_hypertension_pack" name="test_hypertension_pack_has_required_review_only_artifacts" time="0.001" /><testcase classname="tests.test_phase_2c_hypertension_pack" name="test_hypertension_manifest_claims_are_traceable_but_blocked_until_verified" time="0.001" /><testcase classname="tests.test_phase_2c_hypertension_pack" name="test_hypertension_pathway_waits_for_missing_inputs_and_stops_for_red_flags" time="0.000" /><testcase classname="tests.test_phase_2c_hypertension_pack" name="test_hypertension_pathway_rejects_pii_and_release_gate_blocks_current_pack" time="0.000" /><testcase classname="tests.test_phase_2c_hypertension_pack" name="test_hypertension_local_adaptation_preserves_guideline_certainty_and_meaning" time="0.000" /><testcase classname="tests.test_phase_2c_pack_selection_and_pathway" name="test_phase_2c_current_selection_blocks_real_pack_build_until_approved" time="0.001" /><testcase classname="tests.test_phase_2c_pack_selection_and_pathway" name="test_phase_2c_approved_selection_builds_review_only_pathway_but_release_gate_blocks" time="0.000" /><testcase classname="tests.test_phase_2c_shadow_and_vignettes" name="test_phase_2c_shadow_schema_blocks_pii_and_requires_review" time="0.000" /><testcase classname="tests.test_phase_2c_shadow_and_vignettes" name="test_phase_2c_minimum_vignettes_have_required_distribution_and_zero_blockers" time="0.000" /><testcase classname="tests.test_phase_2d_evidence_readiness" name="test_phase_2d_evidence_dossier_files_exist_and_current_pack_is_not_ready" time="0.001" /><testcase classname="tests.test_phase_2d_evidence_readiness" name="test_phase_2d_manual_source_import_blocks_missing_hash_and_allows_complete_html_snapshot" time="0.001" /><testcase classname="tests.test_phase_2d_evidence_readiness" name="test_phase_2d_pdf_source_without_page_mapping_cannot_verify_claim" time="0.000" /><testcase classname="tests.test_phase_2d_evidence_readiness" name="test_phase_2d_review_workflow_blocks_shortcuts_and_requires_reviewer_validation" time="0.000" /><testcase classname="tests.test_phase_2d_evidence_readiness" name="test_phase_2d_approval_record_auto_generated_is_blocked" time="0.000" /><testcase classname="tests.test_phase_2d_evidence_readiness" name="test_phase_2d_shadow_case_form_blocks_pii_like_text" time="0.000" /><testcase classname="tests.test_phase_2d_evidence_readiness" name="test_phase_2d_stop_criteria_creates_incident_and_disables_shadow_mode" time="0.000" /><testcase classname="tests.test_phase_2d_evidence_readiness" name="test_phase_2d_feature_flags_and_export_manifest_remain_review_only" time="0.001" /><testcase classname="tests.test_phase_3a_chronic_care_functional" name="test_create_synthetic_enrollment_and_initial_review_task" time="0.001" /><testcase classname="tests.test_phase_3a_chronic_care_functional" name="test_overdue_task_completion_and_escalation" time="0.034" /><testcase classname="tests.test_phase_3a_chronic_care_functional" name="test_risk_draft_physician_approve_and_reject" time="0.034" /><testcase classname="tests.test_phase_3a_chronic_care_functional" name="test_care_plan_draft_blocks_missing_evidence_and_approves_shadow_when_complete" time="0.034" /><testcase classname="tests.test_phase_3a_chronic_care_functional" name="test_quality_metrics_dashboard_and_aggregate_export" time="0.034" /><testcase classname="tests.test_phase_3a_chronic_care_functional" name="test_dashboard_snapshot_renders_synthetic_shadow_state" time="0.037" /><testcase classname="tests.test_phase_3a_chronic_care_functional" name="test_chronic_care_migration_plan_is_non_destructive" time="0.006" /><testcase classname="tests.test_phase_3a_chronic_care_red_team" name="test_prompt_injection_in_synthetic_note_does_not_enable_outputs" time="0.001" /><testcase classname="tests.test_phase_3a_chronic_care_red_team" name="test_pii_like_text_in_synthetic_case_is_blocked" time="0.000" /><testcase classname="tests.test_phase_3a_chronic_care_red_team" name="test_attempt_to_enable_risky_flag_via_service_is_ignored" time="0.000" /><testcase classname="tests.test_phase_3a_chronic_care_red_team" name="test_attempt_to_approve_without_physician_role_is_blocked" time="0.039" /><testcase classname="tests.test_phase_3a_chronic_care_red_team" name="test_attempt_to_export_non_deidentified_dataset_is_blocked" time="0.000" /><testcase classname="tests.test_phase_3a_chronic_care_red_team" name="test_fake_citation_or_missing_claim_blocks_care_plan_approval" time="0.001" /><testcase classname="tests.test_phase_3a_chronic_care_red_team" name="test_attempt_to_turn_shadow_plan_into_patient_facing_output_is_blocked" time="0.000" /><testcase classname="tests.test_phase_3a_chronic_care_safety" name="test_no_real_pii_accepted_in_synthetic_seed" time="0.001" /><testcase classname="tests.test_phase_3a_chronic_care_safety" name="test_no_patient_facing_message_education_emr_or_medication_change" time="0.000" /><testcase classname="tests.test_phase_3a_chronic_care_safety" name="test_no_production_flag_activation" time="0.000" /><testcase classname="tests.test_phase_3a_chronic_care_safety" name="test_no_approval_or_clinical_release_bypass_in_normal_shadow_run" time="0.039" /><testcase classname="tests.test_phase_3a_chronic_care_safety" name="test_audit_event_exists_for_state_changing_actions" time="0.040" /><testcase classname="tests.test_phase_3a_chronic_care_safety" name="test_rules_are_shadow_only_and_not_clinical_decisions" time="0.000" /><testcase classname="tests.test_pii_adversarial" name="test_adversarial_pii_redacted[phone-space]" time="0.000" /><testcase classname="tests.test_pii_adversarial" name="test_adversarial_pii_redacted[phone-dot]" time="0.001" /><testcase classname="tests.test_pii_adversarial" name="test_adversarial_pii_redacted[phone-dash]" time="0.000" /><testcase classname="tests.test_pii_adversarial" name="test_adversarial_pii_redacted[phone-cc-space]" time="0.000" /><testcase classname="tests.test_pii_adversarial" name="test_adversarial_pii_redacted[cccd-grouped]" time="0.000" /><testcase classname="tests.test_pii_adversarial" name="test_adversarial_pii_redacted[cmnd-contiguous]" time="0.000" /><testcase classname="tests.test_pii_adversarial" name="test_adversarial_pii_redacted[email]" time="0.000" /><testcase classname="tests.test_pii_adversarial" name="test_adversarial_pii_redacted[name-nguoibenh]" time="0.000" /><testcase classname="tests.test_pii_adversarial" name="test_adversarial_pii_redacted[name-bn]" time="0.000" /><testcase classname="tests.test_pii_adversarial" name="test_adversarial_pii_redacted[name-ong]" time="0.000" /><testcase classname="tests.test_pii_adversarial" name="test_adversarial_pii_redacted[date-full]" time="0.000" /><testcase classname="tests.test_pii_adversarial" name="test_adversarial_pii_redacted[date-dob-context]" time="0.001" /><testcase classname="tests.test_pii_adversarial" name="test_adversarial_pii_redacted[dob-year]" time="0.000" /><testcase classname="tests.test_pii_adversarial" name="test_clinical_numbers_preserved[Huy\u1ebft \xe1p 140/90 mmHg]" time="0.000" /><testcase classname="tests.test_pii_adversarial" name="test_clinical_numbers_preserved[m\u1ea1ch 88, SpO2 96%]" time="0.000" /><testcase classname="tests.test_pii_adversarial" name="test_clinical_numbers_preserved[eGFR 59 mL/ph\xfat, \u0111\u01b0\u1eddng huy\u1ebft 7.2]" time="0.000" /><testcase classname="tests.test_pii_adversarial" name="test_clinical_numbers_preserved[CRP 12, b\u1ea1ch c\u1ea7u 11000]" time="0.000" /><testcase classname="tests.test_pii_adversarial" name="test_clinical_numbers_preserved[t\xe1i kh\xe1m sau 2 tu\u1ea7n]" time="0.000" /><testcase classname="tests.test_pii_adversarial" name="test_known_limitation_name_without_cue_documented" time="0.000" /><testcase classname="tests.test_pii_adversarial" name="test_deidentify_patient_adversarial" time="0.000" /><testcase classname="tests.test_pipeline_db" name="test_pipeline_inserts_and_classifies" time="0.077" /><testcase classname="tests.test_pipeline_db" name="test_rerun_does_not_lose_data" time="0.149" /><testcase classname="tests.test_pipeline_db" name="test_changelog_written" time="0.075" /><testcase classname="tests.test_pipeline_db" name="test_actionable_has_reason" time="0.119" /><testcase classname="tests.test_policy_gate_engine.TestG2EthicsGate" name="test_g2_blocks_when_no_ethics_approval" time="0.000" /><testcase classname="tests.test_policy_gate_engine.TestG2EthicsGate" name="test_g2_allows_when_ethics_approved" time="0.000" /><testcase classname="tests.test_policy_gate_engine.TestG2EthicsGate" name="test_g2_requires_human_when_pending" time="0.000" /><testcase classname="tests.test_policy_gate_engine.TestG4SapGate" name="test_g4_blocks_sap_bypass" time="0.000" /><testcase classname="tests.test_policy_gate_engine.TestG4SapGate" name="test_g4_allows_with_sap_locked" time="0.000" /><testcase classname="tests.test_policy_gate_engine.TestG9PIGate" name="test_g9_blocks_auto_release" time="0.000" /><testcase classname="tests.test_policy_gate_engine.TestG9PIGate" name="test_g9_allows_with_pi_signoff" time="0.000" /><testcase classname="tests.test_policy_gate_engine.TestPiiEgressGate" name="test_pii_egress_blocks_fx004" time="0.000" /><testcase classname="tests.test_policy_gate_engine.TestPiiEgressGate" name="test_pii_egress_allows_clean_output" time="0.000" /><testcase classname="tests.test_policy_gate_engine.TestAutoSubmitGate" name="test_auto_submit_blocked" time="0.000" /><testcase classname="tests.test_policy_gate_engine.TestAutoSubmitGate" name="test_auto_submit_clean_passes" time="0.000" /><testcase classname="tests.test_policy_gate_engine.TestRawDataWriteGate" name="test_raw_data_write_blocked" time="0.000" /><testcase classname="tests.test_policy_gate_engine.TestEvaluateFixture" name="test_fx001_valid_response_passes" time="0.000" /><testcase classname="tests.test_policy_gate_engine.TestEvaluateFixture" name="test_fx002_fabricated_data_blocked" time="0.000" /><testcase classname="tests.test_policy_gate_engine.TestEvaluateFixture" name="test_fx003_fabricated_citation_review_required" time="0.000" /><testcase classname="tests.test_policy_gate_engine.TestEvaluateFixture" name="test_fx004_pii_leak_blocked" time="0.000" /><testcase classname="tests.test_policy_gate_engine.TestEvaluateFixture" name="test_fx010_invalid_schema_fails" time="0.000" /><testcase classname="tests.test_policy_gate_engine.TestEvaluateFixture" name="test_fx011_timeout_blocked" time="0.000" /><testcase classname="tests.test_policy_gate_engine.TestEvaluateFixture" name="test_unknown_gate_blocked" time="0.000" /><testcase classname="tests.test_policy_gate_engine.TestEvaluateFixture" name="test_gate_b_ledger_clean" time="0.000" /><testcase classname="tests.test_reference_import" name="test_load_reference_structure" time="0.003" /><testcase classname="tests.test_reference_import" name="test_items_are_verbatim_from_source" time="0.002"><skipped type="pytest.skip" message="Không tìm thấy bản sao file nguồn.">/private/tmp/claude-501/-Users-nguyenluan-Library-CloudStorage-OneDrive-Personal-Claude-AI/17799845-77e5-4db9-9336-87709fdaa140/scratchpad/v4_3_3_2_full_fresh/extracted/medical-ebm-automation/tests/test_reference_import.py:26: Không tìm thấy bản sao file nguồn.</skipped></testcase><testcase classname="tests.test_reference_import" name="test_missing_file_raises" time="0.000" /><testcase classname="tests.test_reports" name="test_weekly_report_contains_required_sections" time="0.075" /><testcase classname="tests.test_reports" name="test_report_separates_not_actionable" time="0.078" /><testcase classname="tests.test_research_dossier" name="test_stats_suggestions_by_design" time="0.000" /><testcase classname="tests.test_research_dossier" name="test_variable_framework_has_groups" time="0.000" /><testcase classname="tests.test_research_dossier" name="test_checklists_nonempty" time="0.000" /><testcase classname="tests.test_research_dossier" name="test_build_dossier_contains_all_sections" time="0.005" /><testcase classname="tests.test_research_dossier" name="test_dossier_missing_project_returns_none" time="0.000" /><testcase classname="tests.test_safety_reports" name="test_drug_safety_report_separates_regulatory_and_faers" time="0.070" /><testcase classname="tests.test_safety_reports" name="test_antibiotic_report_mentions_aware_and_no_overuse" time="0.067" /><testcase classname="tests.test_scoring" name="test_guideline_scores_high" time="0.000" /><testcase classname="tests.test_scoring" name="test_preprint_scores_low_and_excluded_tier" time="0.000" /><testcase classname="tests.test_scoring" name="test_operational_level_marks_non_official" time="0.000" /><testcase classname="tests.test_scoring" name="test_operational_level_uses_official_grade" time="0.000" /><testcase classname="tests.test_scoring" name="test_scores_bounded_0_100" time="0.000" /><testcase classname="tests.test_social_tiktok" name="test_eligibility_strong_is_recommendation" time="0.001" /><testcase classname="tests.test_social_tiktok" name="test_eligibility_weak_is_watch" time="0.000" /><testcase classname="tests.test_social_tiktok" name="test_excluded_not_eligible" time="0.000" /><testcase classname="tests.test_social_tiktok" name="test_build_post_structure" time="0.010" /><testcase classname="tests.test_social_tiktok" name="test_no_fabrication_every_bullet_is_verbatim" time="0.009" /><testcase classname="tests.test_social_tiktok" name="test_caption_has_source_and_disclaimer" time="0.007" /><testcase classname="tests.test_social_tiktok" name="test_post_without_extractable_points_is_none" time="0.000" /><testcase classname="tests.test_social_tiktok" name="test_video_narration_aligns_with_slides_and_strips_emoji" time="0.009" /><testcase classname="tests.test_social_tiktok" name="test_video_availability_is_boolean" time="1.068" /><testcase classname="tests.test_social_tiktok" name="test_doodles_mapping_by_area_and_keyword" time="0.005" /><testcase classname="tests.test_social_tiktok" name="test_doodles_registry_all_drawable" time="0.002" /><testcase classname="tests.test_social_tiktok" name="test_parse_manual_content_blocks_to_slides" time="0.000" /><testcase classname="tests.test_social_tiktok" name="test_build_manual_post_structure" time="0.000" /><testcase classname="tests.test_social_tiktok" name="test_build_manual_post_empty_is_none" time="0.000" /><testcase classname="tests.test_social_tiktok" name="test_animate_detects_content_band" time="0.024" /><testcase classname="tests.test_social_tiktok" name="test_speak_clean_and_narration_pauses" time="0.000" /><testcase classname="tests.test_social_tiktok" name="test_preview_manual_returns_narrations" time="0.091" /><testcase classname="tests.test_social_tiktok" name="test_animate_frame_count_and_shape" time="0.045" /><testcase classname="tests.test_sources_mock" name="test_pubmed_mock_returns_records" time="0.001" /><testcase classname="tests.test_sources_mock" name="test_crossref_mock_has_doi" time="0.000" /><testcase classname="tests.test_sources_mock" name="test_openfda_mock_is_drug_safety" time="0.000" /><testcase classname="tests.test_v4_2_1_offline_hardening.TestGap001RequiredAgents" name="test_required_set_contains_all_four" time="0.000" /><testcase classname="tests.test_v4_2_1_offline_hardening.TestGap001RequiredAgents" name="test_full_scope_a_has_all_required" time="0.009" /><testcase classname="tests.test_v4_2_1_offline_hardening.TestGap001RequiredAgents" name="test_fail_closed_when_any_required_missing[dieu-phoi-lam-sang]" time="0.000" /><testcase classname="tests.test_v4_2_1_offline_hardening.TestGap001RequiredAgents" name="test_fail_closed_when_any_required_missing[dieu-phoi-nghien-cuu]" time="0.000" /><testcase classname="tests.test_v4_2_1_offline_hardening.TestGap001RequiredAgents" name="test_fail_closed_when_any_required_missing[so-cai-ghi-nho]" time="0.000" /><testcase classname="tests.test_v4_2_1_offline_hardening.TestGap001RequiredAgents" name="test_fail_closed_when_any_required_missing[tham-dinh-dau-ra]" time="0.000" /><testcase classname="tests.test_v4_2_1_offline_hardening.TestGap004AuditHash" name="test_pass_dispatch_audit_has_agent_hash" time="0.000" /><testcase classname="tests.test_v4_2_1_offline_hardening.TestGap004AuditHash" name="test_block_at_dispatch_still_has_agent_hash" time="0.000" /><testcase classname="tests.test_v4_2_1_offline_hardening.TestGap004AuditHash" name="test_fail_closed_when_hash_empty_at_audit" time="0.000" /><testcase classname="tests.test_v4_2_1_offline_hardening.TestGap004AuditHash" name="test_audit_logger_flags_unhashed_dispatch_event" time="0.000" /><testcase classname="tests.test_v4_2_1_offline_hardening.TestGap004AuditHash" name="test_hash_survives_scrub_and_export" time="0.000" /><testcase classname="tests.test_v4_2_1_offline_hardening.TestGap009ManifestInRepo" name="test_manifest_path_is_in_repo_not_onedrive" time="0.000" /><testcase classname="tests.test_v4_2_1_offline_hardening.TestGap009ManifestInRepo" name="test_full_scope_a_loads_with_self_check" time="0.009" /><testcase classname="tests.test_v4_2_1_offline_hardening.TestGap009ManifestInRepo" name="test_self_check_fails_closed_on_manifest_tamper" time="0.001" /><testcase classname="tests.test_v4_2_bypass_resistance.TestT04BypassResistance" name="test_direct_bypass_attempt_blocked" time="0.000" /><testcase classname="tests.test_v4_2_bypass_resistance.TestT04BypassResistance" name="test_multiple_bypass_attempts_all_blocked" time="0.000" /><testcase classname="tests.test_v4_2_bypass_resistance.TestT04BypassResistance" name="test_orchestrated_path_succeeds" time="0.000" /><testcase classname="tests.test_v4_2_bypass_resistance.TestT04BypassResistance" name="test_bypass_with_valid_but_unregistered_run_id_blocked" time="0.000" /><testcase classname="tests.test_v4_2_bypass_resistance.TestT05DispatchWithoutContext" name="test_none_context_blocked" time="0.000" /><testcase classname="tests.test_v4_2_bypass_resistance.TestT05DispatchWithoutContext" name="test_none_context_policy_block" time="0.000" /><testcase classname="tests.test_v4_2_bypass_resistance.TestT05DispatchWithoutContext" name="test_none_context_no_audit_event" time="0.000" /><testcase classname="tests.test_v4_2_bypass_resistance.TestT22SyntheticNotHuman" name="test_synthetic_approval_has_fixture_label" time="0.000" /><testcase classname="tests.test_v4_2_bypass_resistance.TestT22SyntheticNotHuman" name="test_synthetic_approval_not_human_role" time="0.000" /><testcase classname="tests.test_v4_2_bypass_resistance.TestT22SyntheticNotHuman" name="test_synthetic_approval_can_be_added_to_ledger" time="0.000" /><testcase classname="tests.test_v4_2_bypass_resistance.TestT22SyntheticNotHuman" name="test_synthetic_approval_makes_gate_pass_in_test_only" time="0.000" /><testcase classname="tests.test_v4_2_bypass_resistance.TestT22SyntheticNotHuman" name="test_agent_created_approval_is_blocked_by_ledger" time="0.000" /><testcase classname="tests.test_v4_2_bypass_resistance.TestT22SyntheticNotHuman" name="test_synthetic_scope_clearly_labeled" time="0.000" /><testcase classname="tests.test_v4_2_bypass_resistance.TestT22SyntheticNotHuman" name="test_synthetic_reviewer_ref_is_harness_not_person" time="0.000" /><testcase classname="tests.test_v4_2_controlled_orchestrator.TestT01AgentNotInRegistry" name="test_blocked_at_step2" time="0.000" /><testcase classname="tests.test_v4_2_controlled_orchestrator.TestT01AgentNotInRegistry" name="test_policy_decision_is_block" time="0.000" /><testcase classname="tests.test_v4_2_controlled_orchestrator.TestT01AgentNotInRegistry" name="test_no_dispatch_occurred" time="0.000" /><testcase classname="tests.test_v4_2_controlled_orchestrator.TestT01AgentNotInRegistry" name="test_fixture_result_is_none" time="0.000" /><testcase classname="tests.test_v4_2_controlled_orchestrator.TestT02AgentHashNone" name="test_blocked_at_step3" time="0.000" /><testcase classname="tests.test_v4_2_controlled_orchestrator.TestT02AgentHashNone" name="test_workflow_context_not_updated_on_block" time="0.000" /><testcase classname="tests.test_v4_2_controlled_orchestrator.TestT03HashNotVerified" name="test_blocked_by_hash_not_verified" time="0.000" /><testcase classname="tests.test_v4_2_controlled_orchestrator.TestT03HashNotVerified" name="test_audit_event_not_logged_on_hash_verify_block" time="0.000" /><testcase classname="tests.test_v4_2_controlled_orchestrator.TestT17SchemFail" name="test_schema_fail_policy" time="0.000" /><testcase classname="tests.test_v4_2_controlled_orchestrator.TestT17SchemFail" name="test_state_unchanged_after_schema_fail" time="0.000" /><testcase classname="tests.test_v4_2_controlled_orchestrator.TestT17SchemFail" name="test_audit_event_logged_on_schema_fail" time="0.000" /><testcase classname="tests.test_v4_2_controlled_orchestrator.TestT18TimeoutSafeStop" name="test_timeout_yields_block" time="0.000" /><testcase classname="tests.test_v4_2_controlled_orchestrator.TestT18TimeoutSafeStop" name="test_no_state_transition_on_timeout" time="0.000" /><testcase classname="tests.test_v4_2_controlled_orchestrator.TestT19IllegalStateTransition" name="test_invalid_transition_blocked_by_state_machine" time="0.000" /><testcase classname="tests.test_v4_2_controlled_orchestrator.TestT19IllegalStateTransition" name="test_state_machine_history_records_block" time="0.000" /><testcase classname="tests.test_v4_2_controlled_orchestrator.TestT20AuditEventExists" name="test_audit_event_logged" time="0.000" /><testcase classname="tests.test_v4_2_controlled_orchestrator.TestT20AuditEventExists" name="test_audit_event_has_run_id" time="0.000" /><testcase classname="tests.test_v4_2_controlled_orchestrator.TestT20AuditEventExists" name="test_audit_event_pii_verdict_clean" time="0.000" /><testcase classname="tests.test_v4_2_controlled_orchestrator.TestT21AgentHashInContext" name="test_hash_recorded_after_run" time="0.000" /><testcase classname="tests.test_v4_2_controlled_orchestrator.TestT21AgentHashInContext" name="test_hash_not_none_after_pass" time="0.000" /><testcase classname="tests.test_v4_2_controlled_orchestrator.TestT21AgentHashInContext" name="test_trace_complete_after_full_pass" time="0.000" /><testcase classname="tests.test_v4_2_dispatch_guard.TestT04DirectRuntimeBypass" name="test_direct_call_raises_bypass_error" time="0.000" /><testcase classname="tests.test_v4_2_dispatch_guard.TestT04DirectRuntimeBypass" name="test_registered_run_id_passes" time="0.000" /><testcase classname="tests.test_v4_2_dispatch_guard.TestT04DirectRuntimeBypass" name="test_different_run_id_still_blocked" time="0.000" /><testcase classname="tests.test_v4_2_dispatch_guard.TestT04DirectRuntimeBypass" name="test_context_exits_after_dispatch" time="0.000" /><testcase classname="tests.test_v4_2_dispatch_guard.TestT05DispatchGuardMissingEntry" name="test_none_entry_raises_violation" time="0.000" /><testcase classname="tests.test_v4_2_dispatch_guard.TestT05DispatchGuardMissingEntry" name="test_none_agent_id_raises_violation" time="0.000" /><testcase classname="tests.test_v4_2_dispatch_guard.TestT05DispatchGuardMissingEntry" name="test_none_hash_raises_violation" time="0.000" /><testcase classname="tests.test_v4_2_dispatch_guard.TestT16ProductionConnectorBlocked" name="test_production_connector_raises_violation" time="0.000" /><testcase classname="tests.test_v4_2_dispatch_guard.TestT16ProductionConnectorBlocked" name="test_auto_submit_raises_violation" time="0.000" /><testcase classname="tests.test_v4_2_dispatch_guard.TestT16ProductionConnectorBlocked" name="test_clean_context_passes_all_dispatch_guard_checks" time="0.000" /><testcase classname="tests.test_v4_2_end_to_end_workflow.TestT06G2GateBlocks" name="test_g2_gate_blocks_dispatch" time="0.000" /><testcase classname="tests.test_v4_2_end_to_end_workflow.TestT06G2GateBlocks" name="test_g2_gate_passes_with_synthetic_approval" time="0.000" /><testcase classname="tests.test_v4_2_end_to_end_workflow.TestT06G2GateBlocks" name="test_blocked_at_step6" time="0.000" /><testcase classname="tests.test_v4_2_end_to_end_workflow.TestT07G4SAPGateBlocks" name="test_g4_gate_blocks" time="0.000" /><testcase classname="tests.test_v4_2_end_to_end_workflow.TestT07G4SAPGateBlocks" name="test_g4_gate_passes_with_synthetic_sap" time="0.000" /><testcase classname="tests.test_v4_2_end_to_end_workflow.TestT07G4SAPGateBlocks" name="test_blocked_at_step7" time="0.000" /><testcase classname="tests.test_v4_2_end_to_end_workflow.TestT08G9PIGateBlocks" name="test_g9_gate_blocks" time="0.000" /><testcase classname="tests.test_v4_2_end_to_end_workflow.TestT08G9PIGateBlocks" name="test_g9_gate_passes_with_synthetic_pi" time="0.000" /><testcase classname="tests.test_v4_2_end_to_end_workflow.TestT09GateABlocks" name="test_gate_a_blocks" time="0.000" /><testcase classname="tests.test_v4_2_end_to_end_workflow.TestT09GateABlocks" name="test_gate_a_passes_with_approval" time="0.000" /><testcase classname="tests.test_v4_2_end_to_end_workflow.TestT10GateBBlocks" name="test_gate_b_blocks" time="0.000" /><testcase classname="tests.test_v4_2_end_to_end_workflow.TestT10GateBBlocks" name="test_gate_b_passes_with_approval" time="0.000" /><testcase classname="tests.test_v4_2_end_to_end_workflow.TestT11PIIInFixture" name="test_pii_fixture_yields_blocked" time="0.000" /><testcase classname="tests.test_v4_2_end_to_end_workflow.TestT11PIIInFixture" name="test_pii_blocked_audit_pii_verdict" time="0.000" /><testcase classname="tests.test_v4_2_end_to_end_workflow.TestT12FabricatedData" name="test_fabricated_data_blocked" time="0.000" /><testcase classname="tests.test_v4_2_end_to_end_workflow.TestT12FabricatedData" name="test_state_unchanged_on_fabricated" time="0.000" /><testcase classname="tests.test_v4_2_end_to_end_workflow.TestT13FabricatedCitation" name="test_fabricated_citation_blocked" time="0.000" /><testcase classname="tests.test_v4_2_end_to_end_workflow.TestT14RawDataWrite" name="test_raw_data_write_blocked" time="0.000" /><testcase classname="tests.test_v4_2_end_to_end_workflow.TestT15AutoSubmit" name="test_auto_submit_blocked_at_step5" time="0.000" /><testcase classname="tests.test_v4_2_end_to_end_workflow.TestT15AutoSubmit" name="test_auto_submit_flag_false_passes_step5" time="0.000" /><testcase classname="tests.test_v4_2_end_to_end_workflow.TestT23HappyPath" name="test_happy_path_pass" time="0.000" /><testcase classname="tests.test_v4_2_end_to_end_workflow.TestT23HappyPath" name="test_happy_path_audit_event" time="0.000" /><testcase classname="tests.test_v4_2_end_to_end_workflow.TestT23HappyPath" name="test_happy_path_pii_verdict_clean" time="0.000" /><testcase classname="tests.test_v4_2_end_to_end_workflow.TestT23HappyPath" name="test_happy_path_state_before_available" time="0.000" /><testcase classname="tests.test_v4_2_end_to_end_workflow.TestT23HappyPath" name="test_happy_path_not_valid_for_research" time="0.000" /><testcase classname="tests.test_v4_2_end_to_end_workflow.TestT23HappyPath" name="test_happy_path_human_approval_false" time="0.000" /><testcase classname="tests.test_v4_2_end_to_end_workflow.TestT24Traceability" name="test_run_id_propagates_to_audit" time="0.000" /><testcase classname="tests.test_v4_2_end_to_end_workflow.TestT24Traceability" name="test_audit_event_id_in_context" time="0.000" /><testcase classname="tests.test_v4_2_end_to_end_workflow.TestT24Traceability" name="test_agent_hash_traceable" time="0.000" /><testcase classname="tests.test_v4_2_end_to_end_workflow.TestT24Traceability" name="test_is_trace_complete_after_happy_path" time="0.000" /><testcase classname="tests.test_v4_2_end_to_end_workflow.TestT24Traceability" name="test_fixture_id_in_audit_event" time="0.000" /><testcase classname="tests.test_v4_2_end_to_end_workflow.TestT24Traceability" name="test_workflow_id_in_audit_event" time="0.000" /><testcase classname="tests.test_v4_3_1_governance_semantics" name="test_protocol_draft_needs_no_g4" time="0.009" /><testcase classname="tests.test_v4_3_1_governance_semantics" name="test_sap_draft_needs_no_g4" time="0.007" /><testcase classname="tests.test_v4_3_1_governance_semantics" name="test_manuscript_outline_needs_no_g9" time="0.006" /><testcase classname="tests.test_v4_3_1_governance_semantics" name="test_all_draft_outputs_draft_only_and_human_review" time="0.006" /><testcase classname="tests.test_v4_3_1_governance_semantics" name="test_real_data_collection_without_g2_blocks" time="0.000" /><testcase classname="tests.test_v4_3_1_governance_semantics" name="test_real_data_collection_blocks_even_with_g2" time="0.000" /><testcase classname="tests.test_v4_3_1_governance_semantics" name="test_real_analysis_without_sap_lock_blocks" time="0.000" /><testcase classname="tests.test_v4_3_1_governance_semantics" name="test_external_release_without_g9_blocks" time="0.001" /><testcase classname="tests.test_v4_3_1_governance_semantics" name="test_high_risk_agent_profile_forbids_external[dao-duc-dang-ky]" time="0.000" /><testcase classname="tests.test_v4_3_1_governance_semantics" name="test_high_risk_agent_profile_forbids_external[nop-bai-phan-hoi]" time="0.000" /><testcase classname="tests.test_v4_3_1_governance_semantics" name="test_high_risk_agent_profile_forbids_external[ke-hoach-trien-khai]" time="0.000" /><testcase classname="tests.test_v4_3_1_governance_semantics" name="test_agent_external_action_blocked[SUBMIT-dao-duc-dang-ky]" time="0.000" /><testcase classname="tests.test_v4_3_1_governance_semantics" name="test_agent_external_action_blocked[SUBMIT-nop-bai-phan-hoi]" time="0.000" /><testcase classname="tests.test_v4_3_1_governance_semantics" name="test_agent_external_action_blocked[SUBMIT-ke-hoach-trien-khai]" time="0.000" /><testcase classname="tests.test_v4_3_1_governance_semantics" name="test_agent_external_action_blocked[RELEASE-dao-duc-dang-ky]" time="0.000" /><testcase classname="tests.test_v4_3_1_governance_semantics" name="test_agent_external_action_blocked[RELEASE-nop-bai-phan-hoi]" time="0.000" /><testcase classname="tests.test_v4_3_1_governance_semantics" name="test_agent_external_action_blocked[RELEASE-ke-hoach-trien-khai]" time="0.000" /><testcase classname="tests.test_v4_3_1_governance_semantics" name="test_agent_external_action_blocked[ETHICS_REGISTRATION-dao-duc-dang-ky]" time="0.000" /><testcase classname="tests.test_v4_3_1_governance_semantics" name="test_agent_external_action_blocked[ETHICS_REGISTRATION-nop-bai-phan-hoi]" time="0.000" /><testcase classname="tests.test_v4_3_1_governance_semantics" name="test_agent_external_action_blocked[ETHICS_REGISTRATION-ke-hoach-trien-khai]" time="0.000" /><testcase classname="tests.test_v4_3_1_governance_semantics" name="test_agent_external_action_blocked[EXTERNAL_COMMUNICATION-dao-duc-dang-ky]" time="0.000" /><testcase classname="tests.test_v4_3_1_governance_semantics" name="test_agent_external_action_blocked[EXTERNAL_COMMUNICATION-nop-bai-phan-hoi]" time="0.000" /><testcase classname="tests.test_v4_3_1_governance_semantics" name="test_agent_external_action_blocked[EXTERNAL_COMMUNICATION-ke-hoach-trien-khai]" time="0.000" /><testcase classname="tests.test_v4_3_1_governance_semantics" name="test_agent_external_action_blocked[REAL_DATA_OPERATION-dao-duc-dang-ky]" time="0.000" /><testcase classname="tests.test_v4_3_1_governance_semantics" name="test_agent_external_action_blocked[REAL_DATA_OPERATION-nop-bai-phan-hoi]" time="0.000" /><testcase classname="tests.test_v4_3_1_governance_semantics" name="test_agent_external_action_blocked[REAL_DATA_OPERATION-ke-hoach-trien-khai]" time="0.000" /><testcase classname="tests.test_v4_3_1_governance_semantics" name="test_submit_and_ethics_registration_blocked" time="0.000" /><testcase classname="tests.test_v4_3_1_governance_semantics" name="test_synthetic_analysis_real_data_marker_blocks" time="0.006" /><testcase classname="tests.test_v4_3_1_governance_semantics" name="test_detect_external_action_markers" time="0.000" /><testcase classname="tests.test_v4_3_1_governance_semantics" name="test_state_machine_blocks_all_real_states[PROTOCOL_LOCKED_FOR_REAL_STUDY]" time="0.000" /><testcase classname="tests.test_v4_3_1_governance_semantics" name="test_state_machine_blocks_all_real_states[ETHICS_APPROVED_REAL]" time="0.000" /><testcase classname="tests.test_v4_3_1_governance_semantics" name="test_state_machine_blocks_all_real_states[DATA_COLLECTION_REAL]" time="0.000" /><testcase classname="tests.test_v4_3_1_governance_semantics" name="test_state_machine_blocks_all_real_states[SAP_LOCKED_REAL]" time="0.000" /><testcase classname="tests.test_v4_3_1_governance_semantics" name="test_state_machine_blocks_all_real_states[ANALYSIS_REAL]" time="0.000" /><testcase classname="tests.test_v4_3_1_governance_semantics" name="test_state_machine_blocks_all_real_states[EXTERNAL_RELEASE]" time="0.000" /><testcase classname="tests.test_v4_3_1_governance_semantics" name="test_state_machine_blocks_all_real_states[SUBMITTED]" time="0.000" /><testcase classname="tests.test_v4_3_1_governance_semantics" name="test_state_machine_linear_draft_ok" time="0.000" /><testcase classname="tests.test_v4_3_1_governance_semantics" name="test_full_draft_sequence_reaches_complete" time="0.000" /><testcase classname="tests.test_v4_3_2_automation" name="test_01_valid_intake_creates_project" time="0.000" /><testcase classname="tests.test_v4_3_2_automation" name="test_02_pii_blocks" time="0.000" /><testcase classname="tests.test_v4_3_2_automation" name="test_03_real_data_marker_blocks" time="0.001" /><testcase classname="tests.test_v4_3_2_automation" name="test_04_unknown_study_type_blocks" time="0.000" /><testcase classname="tests.test_v4_3_2_automation" name="test_05_missing_objectives_requires_human_input" time="0.000" /><testcase classname="tests.test_v4_3_2_automation" name="test_06_direct_runtime_call_blocks" time="0.000" /><testcase classname="tests.test_v4_3_2_automation" name="test_07_workflow_routing_by_study_type" time="0.007" /><testcase classname="tests.test_v4_3_2_automation" name="test_08_09_artifacts_draft_only_and_human_review" time="0.007" /><testcase classname="tests.test_v4_3_2_automation" name="test_10_artifact_missing_hash_blocks" time="0.000" /><testcase classname="tests.test_v4_3_2_automation" name="test_11_duplicate_request_no_duplicate_artifact" time="0.007" /><testcase classname="tests.test_v4_3_2_automation" name="test_12_concurrent_lock_blocks_safely" time="0.000" /><testcase classname="tests.test_v4_3_2_automation" name="test_13_retry_limit_safe_stop" time="0.000" /><testcase classname="tests.test_v4_3_2_automation" name="test_14_snapshot_rollback_preserves_audit" time="0.000" /><testcase classname="tests.test_v4_3_2_automation" name="test_15_quality_gate_block_or_review" time="0.000" /><testcase classname="tests.test_v4_3_2_automation" name="test_16_manuscript_cannot_submission" time="0.000" /><testcase classname="tests.test_v4_3_2_automation" name="test_17_protocol_cannot_ethics_submission" time="0.000" /><testcase classname="tests.test_v4_3_2_automation" name="test_18_synthetic_analysis_real_data_marker_blocks" time="0.006" /><testcase classname="tests.test_v4_3_2_automation" name="test_19_review_queue_cannot_auto_approve" time="0.000" /><testcase classname="tests.test_v4_3_2_automation" name="test_20_daily_integrity_detects_manifest_mismatch" time="0.006" /><testcase classname="tests.test_v4_3_2_automation" name="test_21_weekly_detects_untracked_critical" time="0.000" /><testcase classname="tests.test_v4_3_2_automation" name="test_22to25_end_to_end_synthetic[cross_sectional-RS-E2E-XS]" time="0.007" /><testcase classname="tests.test_v4_3_2_automation" name="test_22to25_end_to_end_synthetic[cohort-RS-E2E-COH]" time="0.007" /><testcase classname="tests.test_v4_3_2_automation" name="test_22to25_end_to_end_synthetic[randomized_controlled_trial-RS-E2E-RCT]" time="0.007" /><testcase classname="tests.test_v4_3_2_automation" name="test_22to25_end_to_end_synthetic[systematic_review_meta_analysis-RS-E2E-SR]" time="0.007" /><testcase classname="tests.test_v4_3_2_automation" name="test_minimal_yaml_loader_offline" time="0.000" /><testcase classname="tests.test_v4_3_2_automation" name="test_intake_from_yaml_text_then_run" time="0.024" /><testcase classname="tests.test_v4_3_2_automation" name="test_weekly_quality_flags_bad_artifact" time="0.000" /><testcase classname="tests.test_v4_3_3_2_gate_corrections" name="test_v4332_inv0_no_api_imports" time="0.001" /><testcase classname="tests.test_v4_3_3_2_gate_corrections" name="test_v4332_dr13_safety_no_submit" time="0.000" /><testcase classname="tests.test_v4_3_3_2_gate_corrections" name="test_v4332_dr13_safety_blocked_publish" time="0.000" /><testcase classname="tests.test_v4_3_3_2_gate_corrections" name="test_v4332_dr13_safety_forbidden_email" time="0.000" /><testcase classname="tests.test_v4_3_3_2_gate_corrections" name="test_v4332_dr13_safety_do_not_post" time="0.000" /><testcase classname="tests.test_v4_3_3_2_gate_corrections" name="test_v4332_dr13_real_action_submit" time="0.000" /><testcase classname="tests.test_v4_3_3_2_gate_corrections" name="test_v4332_dr13_real_action_publish" time="0.001" /><testcase classname="tests.test_v4_3_3_2_gate_corrections" name="test_v4332_dr13_mixed_lines" time="0.000" /><testcase classname="tests.test_v4_3_3_2_gate_corrections" name="test_v4332_dr13_empty_content" time="0.000" /><testcase classname="tests.test_v4_3_3_2_gate_corrections" name="test_v4332_dr8_empty_manifest_state" time="0.001" /><testcase classname="tests.test_v4_3_3_2_gate_corrections" name="test_v4332_dr8_retracted_state" time="0.001" /><testcase classname="tests.test_v4_3_3_2_gate_corrections" name="test_v4332_dr8_manual_review_state" time="0.001" /><testcase classname="tests.test_v4_3_3_2_gate_corrections" name="test_v4332_dr8_verified_state" time="0.001" /><testcase classname="tests.test_v4_3_3_2_gate_corrections" name="test_v4332_dr8_no_evidence_dir" time="0.001" /><testcase classname="tests.test_v4_3_3_2_gate_corrections" name="test_v4332_integration_fresh_draft_dr13_no_false_positive" time="0.000" /><testcase classname="tests.test_v4_3_3_project_dossier" name="test_01_study_type_enum_all_7_values" time="0.000" /><testcase classname="tests.test_v4_3_3_project_dossier" name="test_02_artifact_id_enum_19_artifacts" time="0.000" /><testcase classname="tests.test_v4_3_3_project_dossier" name="test_03_safety_guards_pii_fabrication" time="0.000" /><testcase classname="tests.test_v4_3_3_project_dossier" name="test_04_charter_has_downstream" time="0.000" /><testcase classname="tests.test_v4_3_3_project_dossier" name="test_05_mark_stale_propagates" time="0.000" /><testcase classname="tests.test_v4_3_3_project_dossier" name="test_06_topological_order_no_missing" time="0.000" /><testcase classname="tests.test_v4_3_3_project_dossier" name="test_07_registry_register_and_load" time="0.001" /><testcase classname="tests.test_v4_3_3_project_dossier" name="test_08_registry_duplicate_raises" time="0.001" /><testcase classname="tests.test_v4_3_3_project_dossier" name="test_09_registry_unknown_raises" time="0.001" /><testcase classname="tests.test_v4_3_3_project_dossier" name="test_10_registry_list_projects" time="0.003" /><testcase classname="tests.test_v4_3_3_project_dossier" name="test_11_evidence_intake_add_and_load" time="0.001" /><testcase classname="tests.test_v4_3_3_project_dossier" name="test_12_evidence_intake_blocks_pii" time="0.001" /><testcase classname="tests.test_v4_3_3_project_dossier" name="test_13_evidence_intake_blocks_retracted_new_add" time="0.001" /><testcase classname="tests.test_v4_3_3_project_dossier" name="test_14_methodology_planner_7_types[cross_sectional-STROBE]" time="0.000" /><testcase classname="tests.test_v4_3_3_project_dossier" name="test_14_methodology_planner_7_types[cohort-STROBE]" time="0.000" /><testcase classname="tests.test_v4_3_3_project_dossier" name="test_14_methodology_planner_7_types[case_control-STROBE]" time="0.000" /><testcase classname="tests.test_v4_3_3_project_dossier" name="test_14_methodology_planner_7_types[rct-CONSORT]" time="0.000" /><testcase classname="tests.test_v4_3_3_project_dossier" name="test_14_methodology_planner_7_types[diagnostic-STARD]" time="0.000" /><testcase classname="tests.test_v4_3_3_project_dossier" name="test_14_methodology_planner_7_types[sr_ma-PRISMA]" time="0.000" /><testcase classname="tests.test_v4_3_3_project_dossier" name="test_14_methodology_planner_7_types[qualitative-COREQ]" time="0.000" /><testcase classname="tests.test_v4_3_3_project_dossier" name="test_15_methodology_plan_has_rhi_markers" time="0.000" /><testcase classname="tests.test_v4_3_3_project_dossier" name="test_16_crf_draft_has_sections" time="0.000" /><testcase classname="tests.test_v4_3_3_project_dossier" name="test_17_reporting_checklist_items_count" time="0.000" /><testcase classname="tests.test_v4_3_3_project_dossier" name="test_18_dossier_builder_creates_19_artifacts" time="0.003" /><testcase classname="tests.test_v4_3_3_project_dossier" name="test_19_dossier_builder_blocks_pii" time="0.001" /><testcase classname="tests.test_v4_3_3_project_dossier" name="test_20_dossier_artifacts_contain_rhi" time="0.003" /><testcase classname="tests.test_v4_3_3_project_dossier" name="test_21_change_control_creates_record" time="0.001" /><testcase classname="tests.test_v4_3_3_project_dossier" name="test_22_change_control_blocks_pii" time="0.000" /><testcase classname="tests.test_v4_3_3_project_dossier" name="test_23_change_control_audit_log_immutable" time="0.002" /><testcase classname="tests.test_v4_3_3_project_dossier" name="test_24_qa_runner_pass_on_full_dossier" time="0.009" /><testcase classname="tests.test_v4_3_3_project_dossier" name="test_25_qa_dr10_fails_on_pii_artifact" time="0.011" /><testcase classname="tests.test_v4_3_3_project_dossier" name="test_26_qa_dr9_fails_on_fabrication" time="0.010" /><testcase classname="tests.test_v4_3_3_project_dossier" name="test_27_qa_dr11_fails_when_not_draft" time="0.009" /><testcase classname="tests.test_v4_3_3_project_dossier" name="test_28_review_pack_generates_decisions" time="0.005" /><testcase classname="tests.test_v4_3_3_project_dossier" name="test_29_review_pack_markdown_has_disclaimer" time="0.011" /><testcase classname="tests.test_v4_3_3_project_dossier" name="test_30_cli_project_status_lists_all" time="0.005" /><testcase classname="tests.test_v4_3_3_project_dossier" name="test_invariant_no_api_import" time="0.000" /><testcase classname="tests.test_v4_3_3_project_dossier" name="test_invariant_all_artifacts_have_filename" time="0.000" /><testcase classname="tests.test_v4_3_research_studio" name="test_01_schema_validation" time="0.000" /><testcase classname="tests.test_v4_3_research_studio" name="test_02_study_type_routing" time="0.000" /><testcase classname="tests.test_v4_3_research_studio" name="test_03_protocol_objective_consistency" time="0.000" /><testcase classname="tests.test_v4_3_research_studio" name="test_04_outcome_variable_sap_consistency" time="0.000" /><testcase classname="tests.test_v4_3_research_studio" name="test_05_crf_data_dictionary" time="0.000" /><testcase classname="tests.test_v4_3_research_studio" name="test_06_missing_sample_size_requires_review" time="0.001" /><testcase classname="tests.test_v4_3_research_studio" name="test_07_fabricated_data_blocks" time="0.005" /><testcase classname="tests.test_v4_3_research_studio" name="test_08_fabricated_citation_blocks" time="0.005" /><testcase classname="tests.test_v4_3_research_studio" name="test_09_retraction_requires_review" time="0.000" /><testcase classname="tests.test_v4_3_research_studio" name="test_10_pii_blocks" time="0.006" /><testcase classname="tests.test_v4_3_research_studio" name="test_11_real_data_marker_blocks" time="0.005" /><testcase classname="tests.test_v4_3_research_studio" name="test_12_missing_agent_hash_blocks" time="0.000" /><testcase classname="tests.test_v4_3_research_studio" name="test_13_direct_runtime_bypass_blocks" time="0.000" /><testcase classname="tests.test_v4_3_research_studio" name="test_14_missing_human_review_blocks" time="0.000" /><testcase classname="tests.test_v4_3_research_studio" name="test_15_incomplete_reporting_blocks" time="0.000" /><testcase classname="tests.test_v4_3_research_studio" name="test_16to19_happy_path_workflows[cross_sectional-RS-T-XS]" time="0.006" /><testcase classname="tests.test_v4_3_research_studio" name="test_16to19_happy_path_workflows[cohort-RS-T-COH]" time="0.006" /><testcase classname="tests.test_v4_3_research_studio" name="test_16to19_happy_path_workflows[randomized_controlled_trial-RS-T-RCT]" time="0.006" /><testcase classname="tests.test_v4_3_research_studio" name="test_16to19_happy_path_workflows[systematic_review_meta_analysis-RS-T-SR]" time="0.006" /><testcase classname="tests.test_v4_3_research_studio" name="test_20_end_to_end_traceability" time="0.006" /><testcase classname="tests.test_v4_3_research_studio" name="test_workpackages_map_to_real_agents" time="0.005" /><testcase classname="tests.test_v4_3_research_studio" name="test_gr8_fabrication_gate_direct" time="0.000" /><testcase classname="tests.test_v4_3_research_studio" name="test_synthetic_approvals_structurally_marked" time="0.000" /><testcase classname="tests.test_v4_3_research_studio" name="test_artifact_is_draft_creation_no_gate_approval" time="0.007" /><testcase classname="tests.test_v4_4_claude_api_runtime.TestT25aRuntimeIdentity" name="test_runtime_type_is_claude_api" time="0.000" /><testcase classname="tests.test_v4_4_claude_api_runtime.TestT25aRuntimeIdentity" name="test_is_api_runtime_true" time="0.000" /><testcase classname="tests.test_v4_4_claude_api_runtime.TestT25aRuntimeIdentity" name="test_no_key_has_valid_key_false" time="0.000" /><testcase classname="tests.test_v4_4_claude_api_runtime.TestT25aRuntimeIdentity" name="test_with_key_has_valid_key_true" time="0.000" /><testcase classname="tests.test_v4_4_claude_api_runtime.TestT25bFallbackBehavior" name="test_no_key_uses_fallback" time="0.000" /><testcase classname="tests.test_v4_4_claude_api_runtime.TestT25bFallbackBehavior" name="test_fallback_runtime_auto_created" time="0.000" /><testcase classname="tests.test_v4_4_claude_api_runtime.TestT25bFallbackBehavior" name="test_fallback_blocks_bad_fixture" time="0.000" /><testcase classname="tests.test_v4_4_claude_api_runtime.TestT25cEvaluateLiveOutput" name="test_clean_text_returns_pass" time="0.000" /><testcase classname="tests.test_v4_4_claude_api_runtime.TestT25cEvaluateLiveOutput" name="test_pii_marker_returns_pii_blocked" time="0.000" /><testcase classname="tests.test_v4_4_claude_api_runtime.TestT25cEvaluateLiveOutput" name="test_fabricated_marker_returns_block" time="0.000" /><testcase classname="tests.test_v4_4_claude_api_runtime.TestT25cEvaluateLiveOutput" name="test_clinical_without_disclaimer_returns_review" time="0.000" /><testcase classname="tests.test_v4_4_claude_api_runtime.TestT25cEvaluateLiveOutput" name="test_clinical_with_disclaimer_returns_pass" time="0.000" /><testcase classname="tests.test_v4_4_claude_api_runtime.TestT25cEvaluateLiveOutput" name="test_empty_text_returns_pass" time="0.000" /><testcase classname="tests.test_v4_4_claude_api_runtime.TestT25cEvaluateLiveOutput" name="test_phantom_marker_blocked" time="0.000" /><testcase classname="tests.test_v4_4_claude_api_runtime.TestT25dSentinelChecks" name="test_pii_check_detects_patient_id" time="0.000" /><testcase classname="tests.test_v4_4_claude_api_runtime.TestT25dSentinelChecks" name="test_pii_check_detects_ho_ten" time="0.000" /><testcase classname="tests.test_v4_4_claude_api_runtime.TestT25dSentinelChecks" name="test_pii_check_detects_cccd" time="0.000" /><testcase classname="tests.test_v4_4_claude_api_runtime.TestT25dSentinelChecks" name="test_pii_check_clean_text" time="0.000" /><testcase classname="tests.test_v4_4_claude_api_runtime.TestT25dSentinelChecks" name="test_fabricated_check_detects_fabricated" time="0.000" /><testcase classname="tests.test_v4_4_claude_api_runtime.TestT25dSentinelChecks" name="test_fabricated_check_detects_phantom" time="0.000" /><testcase classname="tests.test_v4_4_claude_api_runtime.TestT25dSentinelChecks" name="test_fabricated_check_clean" time="0.000" /><testcase classname="tests.test_v4_4_claude_api_runtime.TestT25eWrapResponse" name="test_wrap_pass_response" time="0.000" /><testcase classname="tests.test_v4_4_claude_api_runtime.TestT25eWrapResponse" name="test_wrap_pii_blocked_redacts_response" time="0.000" /><testcase classname="tests.test_v4_4_claude_api_runtime.TestT25eWrapResponse" name="test_wrap_audit_event_has_runtime_type" time="0.000" /><testcase classname="tests.test_v4_4_claude_api_runtime.TestT25eWrapResponse" name="test_wrap_pii_verdict_clean_on_pass" time="0.000" /><testcase classname="tests.test_v4_4_claude_api_runtime.TestT25eWrapResponse" name="test_wrap_pii_verdict_blocked_on_pii" time="0.000" /><testcase classname="tests.test_v4_4_claude_api_runtime.TestT25fLiveApi" name="test_live_run_returns_fixture_output" time="0.000"><skipped type="pytest.skip" message="ANTHROPIC_API_KEY không có — live API tests bị skip">/private/tmp/claude-501/-Users-nguyenluan-Library-CloudStorage-OneDrive-Personal-Claude-AI/17799845-77e5-4db9-9336-87709fdaa140/scratchpad/v4_3_3_2_full_fresh/extracted/medical-ebm-automation/tests/test_v4_4_claude_api_runtime.py:207: ANTHROPIC_API_KEY không có — live API tests bị skip</skipped></testcase><testcase classname="tests.test_v4_4_claude_api_runtime.TestT25fLiveApi" name="test_live_response_has_disclaimer" time="0.000"><skipped type="pytest.skip" message="ANTHROPIC_API_KEY không có — live API tests bị skip">/private/tmp/claude-501/-Users-nguyenluan-Library-CloudStorage-OneDrive-Personal-Claude-AI/17799845-77e5-4db9-9336-87709fdaa140/scratchpad/v4_3_3_2_full_fresh/extracted/medical-ebm-automation/tests/test_v4_4_claude_api_runtime.py:216: ANTHROPIC_API_KEY không có — live API tests bị skip</skipped></testcase><testcase classname="tests.test_v4_4_claude_api_runtime.TestT25fLiveApi" name="test_live_no_pii_in_output" time="0.000"><skipped type="pytest.skip" message="ANTHROPIC_API_KEY không có — live API tests bị skip">/private/tmp/claude-501/-Users-nguyenluan-Library-CloudStorage-OneDrive-Personal-Claude-AI/17799845-77e5-4db9-9336-87709fdaa140/scratchpad/v4_3_3_2_full_fresh/extracted/medical-ebm-automation/tests/test_v4_4_claude_api_runtime.py:226: ANTHROPIC_API_KEY không có — live API tests bị skip</skipped></testcase><testcase classname="tests.test_v4_4_claude_api_runtime.TestT25fLiveApi" name="test_live_policy_not_pii_blocked" time="0.000"><skipped type="pytest.skip" message="ANTHROPIC_API_KEY không có — live API tests bị skip">/private/tmp/claude-501/-Users-nguyenluan-Library-CloudStorage-OneDrive-Personal-Claude-AI/17799845-77e5-4db9-9336-87709fdaa140/scratchpad/v4_3_3_2_full_fresh/extracted/medical-ebm-automation/tests/test_v4_4_claude_api_runtime.py:236: ANTHROPIC_API_KEY không có — live API tests bị skip</skipped></testcase><testcase classname="tests.test_v4_6_ehospital_integration.TestT34GracefulDegradation" name="test_is_available_false_when_no_db" time="0.000" /><testcase classname="tests.test_v4_6_ehospital_integration.TestT34GracefulDegradation" name="test_encounter_summary_empty_when_unavailable" time="0.000" /><testcase classname="tests.test_v4_6_ehospital_integration.TestT34GracefulDegradation" name="test_diagnosis_distribution_empty_when_unavailable" time="0.000" /><testcase classname="tests.test_v4_6_ehospital_integration.TestT34GracefulDegradation" name="test_medication_frequency_empty_when_unavailable" time="0.000" /><testcase classname="tests.test_v4_6_ehospital_integration.TestT34GracefulDegradation" name="test_db_schema_empty_when_unavailable" time="0.000" /><testcase classname="tests.test_v4_6_ehospital_integration.TestT34GracefulDegradation" name="test_default_disabled_no_autodiscover" time="0.001" /><testcase classname="tests.test_v4_6_ehospital_integration.TestT35Deidentification" name="test_is_available_with_test_db" time="0.003" /><testcase classname="tests.test_v4_6_ehospital_integration.TestT35Deidentification" name="test_name_field_is_pseudonym" time="0.002" /><testcase classname="tests.test_v4_6_ehospital_integration.TestT35Deidentification" name="test_ho_ten_field_is_pseudonym" time="0.002" /><testcase classname="tests.test_v4_6_ehospital_integration.TestT35Deidentification" name="test_cccd_field_is_pseudonym" time="0.002" /><testcase classname="tests.test_v4_6_ehospital_integration.TestT35Deidentification" name="test_phone_field_is_pseudonym" time="0.002" /><testcase classname="tests.test_v4_6_ehospital_integration.TestT35Deidentification" name="test_non_pii_fields_unchanged" time="0.003" /><testcase classname="tests.test_v4_6_ehospital_integration.TestT35Deidentification" name="test_null_pii_field_remains_none" time="0.002" /><testcase classname="tests.test_v4_6_ehospital_integration.TestT35Deidentification" name="test_no_real_pii_in_output" time="0.002" /><testcase classname="tests.test_v4_6_ehospital_integration.TestT36PseudonymConsistency" name="test_pseudonym_is_deterministic" time="0.002" /><testcase classname="tests.test_v4_6_ehospital_integration.TestT36PseudonymConsistency" name="test_different_values_give_different_pseudonyms" time="0.002" /><testcase classname="tests.test_v4_6_ehospital_integration.TestT36PseudonymConsistency" name="test_pseudonym_starts_with_pt" time="0.002" /><testcase classname="tests.test_v4_6_ehospital_integration.TestT36PseudonymConsistency" name="test_pseudonym_does_not_contain_original" time="0.003" /><testcase classname="tests.test_v4_6_ehospital_integration.TestT37DiagnosisDistribution" name="test_diagnosis_returns_icd_codes" time="0.002" /><testcase classname="tests.test_v4_6_ehospital_integration.TestT37DiagnosisDistribution" name="test_diagnosis_count_correct" time="0.003" /><testcase classname="tests.test_v4_6_ehospital_integration.TestT37DiagnosisDistribution" name="test_diagnosis_no_pii" time="0.002" /><testcase classname="tests.test_v4_6_ehospital_integration.TestT38FormatForAgent" name="test_format_has_source_field" time="0.002" /><testcase classname="tests.test_v4_6_ehospital_integration.TestT38FormatForAgent" name="test_format_pii_scrubbed_true" time="0.002" /><testcase classname="tests.test_v4_6_ehospital_integration.TestT38FormatForAgent" name="test_format_record_count_correct" time="0.002" /><testcase classname="tests.test_v4_6_ehospital_integration.TestT38FormatForAgent" name="test_format_empty_list_ok" time="0.003" /><testcase classname="tests.test_v4_6_ehospital_integration.TestT39PIIFieldsRegistry" name="test_pii_fields_include_name" time="0.000" /><testcase classname="tests.test_v4_6_ehospital_integration.TestT39PIIFieldsRegistry" name="test_pii_fields_include_cccd" time="0.000" /><testcase classname="tests.test_v4_6_ehospital_integration.TestT39PIIFieldsRegistry" name="test_pii_fields_include_phone" time="0.000" /><testcase classname="tests.test_v4_6_ehospital_integration.TestT39PIIFieldsRegistry" name="test_pii_fields_is_frozenset" time="0.000" /><testcase classname="tests.test_v4_6_ehospital_integration.TestT39PIIFieldsRegistry" name="test_icd_code_not_in_pii_fields" time="0.000" /><testcase classname="tests.test_v4_6_ehospital_integration.TestT40V421Hardening" name="test_disabled_by_default_even_with_valid_synthetic_path" time="0.003" /><testcase classname="tests.test_v4_6_ehospital_integration.TestT40V421Hardening" name="test_flag_set_but_no_path_does_not_autodiscover" time="0.000" /><testcase classname="tests.test_v4_6_ehospital_integration.TestT40V421Hardening" name="test_refuses_real_ehospital_db_path" time="0.000" /><testcase classname="tests.test_v4_6_ehospital_integration.TestT40V421Hardening" name="test_enabled_with_synthetic_path_opens" time="0.002" /><testcase classname="tests.test_v4_6_ehospital_integration.TestT40V421Hardening" name="test_offline_default_never_opens_local_db" time="0.000" /><testcase classname="tests.test_v7_core_control_plane" name="test_v7_feature_flags_default_to_safe_off" time="0.000" /><testcase classname="tests.test_v7_core_control_plane" name="test_run_packet_and_state_machine_are_explicit" time="0.000" /><testcase classname="tests.test_v7_core_control_plane" name="test_policy_engine_blocks_pii_missing_trace_and_unapproved_release" time="0.001" /><testcase classname="tests.test_v7_core_control_plane" name="test_audit_logger_scrubs_pii_like_text" time="0.001" /><testcase classname="tests.test_v7_core_control_plane" name="test_release_requires_approval_and_enabled_flag" time="0.000" /><testcase classname="tests.test_v7_core_control_plane" name="test_idempotency_ledger_reuses_existing_result" time="0.000" /><testcase classname="tests.test_v7_evidence_safety_research" name="test_evidence_without_traceability_is_quarantined" time="0.000" /><testcase classname="tests.test_v7_evidence_safety_research" name="test_claim_registry_requires_traceable_evidence_and_grade_source" time="0.000" /><testcase classname="tests.test_v7_evidence_safety_research" name="test_citation_lifecycle_and_freshness_checks" time="0.000" /><testcase classname="tests.test_v7_evidence_safety_research" name="test_safety_kernel_detects_red_flags_missing_data_and_medication_pairs" time="0.001" /><testcase classname="tests.test_v7_export_bridge_and_clinical_runtime" name="test_export_policy_blocks_raw_data_and_allows_safe_markdown" time="0.001" /><testcase classname="tests.test_v7_export_bridge_and_clinical_runtime" name="test_chatgpt_bridge_requires_feature_flag_and_writes_manifest" time="0.001" /><testcase classname="tests.test_v7_export_bridge_and_clinical_runtime" name="test_clinical_runtime_stops_on_red_flag_before_routine_summary" time="0.000" /><testcase classname="tests.test_v7_export_bridge_and_clinical_runtime" name="test_knowledge_pack_patient_education_and_dashboard_contracts" time="0.000" /><testcase classname="tests.test_verified_identifiers" name="test_coverage_jumped_from_baseline" time="0.000" /><testcase classname="tests.test_verified_identifiers" name="test_every_score_has_id_or_is_known_institutional" time="0.000" /><testcase classname="tests.test_verified_identifiers" name="test_pmid_is_digits_only" time="0.000" /><testcase classname="tests.test_verified_identifiers" name="test_doi_format_no_url_prefix" time="0.000" /><testcase classname="tests.test_verified_identifiers" name="test_institutional_sources_have_no_fabricated_id" time="0.000" /><testcase classname="tests.test_verified_identifiers" name="test_citation_links_builds_urls" time="0.000" /><testcase classname="tests.test_workflow_state_machine.TestValidTransitions" name="test_draft_to_method_review" time="0.000" /><testcase classname="tests.test_workflow_state_machine.TestValidTransitions" name="test_method_review_to_ethics_pending" time="0.000" /><testcase classname="tests.test_workflow_state_machine.TestValidTransitions" name="test_ethics_pending_to_ethics_approved_with_g2" time="0.000" /><testcase classname="tests.test_workflow_state_machine.TestValidTransitions" name="test_ethics_approved_to_data_collection" time="0.000" /><testcase classname="tests.test_workflow_state_machine.TestBlockedTransitions" name="test_draft_to_analysis_blocked" time="0.000" /><testcase classname="tests.test_workflow_state_machine.TestBlockedTransitions" name="test_draft_to_release_blocked" time="0.000" /><testcase classname="tests.test_workflow_state_machine.TestBlockedTransitions" name="test_terminal_state_no_transition" time="0.000" /><testcase classname="tests.test_workflow_state_machine.TestGateRequirements" name="test_data_collection_requires_g2" time="0.000" /><testcase classname="tests.test_workflow_state_machine.TestGateRequirements" name="test_analysis_requires_g4" time="0.000" /><testcase classname="tests.test_workflow_state_machine.TestGateRequirements" name="test_release_approved_requires_g9" time="0.000" /><testcase classname="tests.test_workflow_state_machine.TestMissingEvidenceReference" name="test_empty_evidence_reference_blocked" time="0.000" /><testcase classname="tests.test_workflow_state_machine.TestMissingEvidenceReference" name="test_none_string_evidence_blocked" time="0.000" /><testcase classname="tests.test_workflow_state_machine.TestStateMachineHistory" name="test_history_grows" time="0.000" /><testcase classname="tests.test_workflow_state_machine.TestStateMachineHistory" name="test_reset_clears_history" time="0.001" /></testsuite></testsuites>